#
# A fatal error has been detected by the Java Runtime Environment:
#
#  EXCEPTION_ACCESS_VIOLATION (0xc0000005) at pc=0x000000006f7b9f3f, pid=26328, tid=0x0000000000008cec
#
# JRE version: Java(TM) SE Runtime Environment (8.0_202-b08) (build 1.8.0_202-b08)
# Java VM: Java HotSpot(TM) 64-Bit Server VM (25.202-b08 mixed mode windows-amd64 compressed oops)
# Problematic frame:
# C  [nvoglv64.dll+0xbe9f3f]
#
# Failed to write core dump. Minidumps are not enabled by default on client versions of Windows
#
# If you would like to submit a bug report, please visit:
#   http://bugreport.java.com/bugreport/crash.jsp
# The crash happened outside the Java Virtual Machine in native code.
# See problematic frame for where to report the bug.
#

---------------  T H R E A D  ---------------

Current thread (0x0000000021bae000):  JavaThread "main-FPSAWTAnimator#00-Timer0" [_thread_in_native, id=36076, stack(0x0000000038fa0000,0x00000000390a0000)]

siginfo: ExceptionCode=0xc0000005, reading address 0x00000000742ad000

Registers:
RAX=0x00000000742acff0, RBX=0x00000000742ac8d0, RCX=0x00000000669e27d0, RDX=0x00000000742ac8d0
RSP=0x000000003909d098, RBP=0x0000000000000800, RSI=0x0000000000000000, RDI=0x00000000669e2070
R8 =0x0000000000000004, R9 =0x0000000000000000, R10=0x000000002beaeca8, R11=0x0000000000000006
R12=0x0000000000000000, R13=0x000000006f7d18d0, R14=0x00000000000000f3, R15=0x0000000000000000
RIP=0x000000006f7b9f3f, EFLAGS=0x0000000000010202

Top of Stack: (sp=0x000000003909d098)
0x000000003909d098:   000000006f7b9b5d 0000000000000010
0x000000003909d0a8:   0000000000000022 0000000000003c00
0x000000003909d0b8:   000000006f7c2a06 0000000000000000
0x000000003909d0c8:   0000000039a45040 00000000742a70d0
0x000000003909d0d8:   0000000000000022 00000000669dc870
0x000000003909d0e8:   000000006f6d3311 0000000000003c00
0x000000003909d0f8:   0000000000003c00 0000000000000f00
0x000000003909d108:   00000000742a70d0 000000006f7d18d0
0x000000003909d118:   0000000000000000 0000000000000000
0x000000003909d128:   000000000000030e 0000000000000000
0x000000003909d138:   0000000000000f00 0000000000000022
0x000000003909d148:   00000000346e3f00 ffffffff00000000
0x000000003909d158:   0000000000000000 0000000000000330
0x000000003909d168:   0000000000000000 0000054000000010
0x000000003909d178:   0000002200000000 0000000000000022
0x000000003909d188:   0000000001fe0000 00000000669dc870 

Instructions: (pc=0x000000006f7b9f3f)
0x000000006f7b9f1f:   85 c0 74 3a 48 83 c1 20 48 8d 42 20 0f 1f 44 00
0x000000006f7b9f2f:   00 0f 10 58 e0 48 8d 49 40 0f 10 50 f0 0f 10 08
0x000000006f7b9f3f:   0f 10 40 10 48 8d 40 40 0f 11 59 a0 0f 11 51 b0
0x000000006f7b9f4f:   0f 11 49 c0 0f 11 41 d0 49 83 e8 01 75 d3 c3 cc 


Register to memory mapping:

RAX=0x00000000742acff0 is an unknown value
RBX=0x00000000742ac8d0 is an unknown value
RCX=0x00000000669e27d0 is an unknown value
RDX=0x00000000742ac8d0 is an unknown value
RSP=0x000000003909d098 is pointing into the stack for thread: 0x0000000021bae000
RBP=0x0000000000000800 is an unknown value
RSI=0x0000000000000000 is an unknown value
RDI=0x00000000669e2070 is an unknown value
R8 =0x0000000000000004 is an unknown value
R9 =0x0000000000000000 is an unknown value
R10=0x000000002beaeca8 is an unknown value
R11=0x0000000000000006 is an unknown value
R12=0x0000000000000000 is an unknown value
R13=0x000000006f7d18d0 is an unknown value
R14=0x00000000000000f3 is an unknown value
R15=0x0000000000000000 is an unknown value


Stack: [0x0000000038fa0000,0x00000000390a0000],  sp=0x000000003909d098,  free space=1012k
Native frames: (J=compiled Java code, j=interpreted, Vv=VM code, C=native code)
C  [nvoglv64.dll+0xbe9f3f]

Java frames: (J=compiled Java code, j=interpreted, Vv=VM code)
J 1920  jogamp.opengl.gl4.GL4bcImpl.dispatch_glTexSubImage2D1(IIIIIIIILjava/lang/Object;IZJ)V (0 bytes) @ 0x0000000002cef519 [0x0000000002cef480+0x99]
J 1936 C2 processing.opengl.PJOGL.texSubImage2D(IIIIIIIILjava/nio/Buffer;)V (25 bytes) @ 0x0000000002d42e20 [0x0000000002d42ba0+0x280]
j  processing.opengl.Texture.setNative(Ljava/nio/IntBuffer;IIII)V+138
j  processing.opengl.Texture.bufferUpdate()Z+85
j  processing.opengl.PGraphicsOpenGL.getTexture(Lprocessing/core/PImage;)Lprocessing/opengl/Texture;+70
j  processing.opengl.PGraphicsOpenGL$TexCache.getTexture(I)Lprocessing/opengl/Texture;+18
j  processing.opengl.PGraphicsOpenGL.flushPolys()V+74
J 2180 C1 processing.opengl.PGraphicsOpenGL.flush()V (310 bytes) @ 0x00000000033a0b64 [0x00000000033a03c0+0x7a4]
J 2309 C1 processing.opengl.PGraphicsOpenGL.noLights()V (10 bytes) @ 0x00000000033ef1c4 [0x00000000033ef000+0x1c4]
j  processing.core.PApplet.noLights()V+18
j  com.haxademic.core.app.PAppletHax.showStats()V+3
j  com.haxademic.core.app.PAppletHax.draw()V+201
j  processing.core.PApplet.handleDraw()V+162
j  processing.opengl.PSurfaceJOGL$DrawListener.display(Lcom/jogamp/opengl/GLAutoDrawable;)V+120
j  jogamp.opengl.GLDrawableHelper.displayImpl(Lcom/jogamp/opengl/GLAutoDrawable;)V+62
j  jogamp.opengl.GLDrawableHelper.display(Lcom/jogamp/opengl/GLAutoDrawable;)V+2
j  jogamp.opengl.GLAutoDrawableBase$2.run()V+59
j  jogamp.opengl.GLDrawableHelper.invokeGLImpl(Lcom/jogamp/opengl/GLDrawable;Lcom/jogamp/opengl/GLContext;Ljava/lang/Runnable;Ljava/lang/Runnable;)V+205
j  jogamp.opengl.GLDrawableHelper.invokeGL(Lcom/jogamp/opengl/GLDrawable;Lcom/jogamp/opengl/GLContext;Ljava/lang/Runnable;Ljava/lang/Runnable;)V+75
j  com.jogamp.newt.opengl.GLWindow.display()V+90
j  com.jogamp.opengl.util.AWTAnimatorImpl.display(Ljava/util/ArrayList;ZZ)V+68
j  com.jogamp.opengl.util.AnimatorBase.display()V+16
j  com.jogamp.opengl.util.FPSAnimator$MainTask.run()V+216
j  java.util.TimerThread.mainLoop()V+221
j  java.util.TimerThread.run()V+1
v  ~StubRoutines::call_stub

---------------  P R O C E S S  ---------------

Java Threads: ( => current thread )
  0x000000002884e000 JavaThread "GstBus" daemon [_thread_in_native, id=32528, stack(0x000000005e120000,0x000000005e220000)]
  0x000000002884d800 JavaThread "GstBus" daemon [_thread_in_native, id=12448, stack(0x0000000053bd0000,0x0000000053cd0000)]
  0x0000000028850800 JavaThread "GstBus" daemon [_thread_in_native, id=36048, stack(0x0000000053ad0000,0x0000000053bd0000)]
  0x000000002884c800 JavaThread "GstBus" daemon [_thread_in_native, id=36376, stack(0x0000000049010000,0x0000000049110000)]
  0x000000002884a800 JavaThread "GstBus" daemon [_thread_in_native, id=35892, stack(0x00000000481e0000,0x00000000482e0000)]
  0x000000002884f000 JavaThread "GstBus" daemon [_thread_in_native, id=36492, stack(0x00000000480e0000,0x00000000481e0000)]
  0x00000000216b1000 JavaThread "GstBus" daemon [_thread_in_native, id=34152, stack(0x00000000484f0000,0x00000000485f0000)]
  0x00000000216aa800 JavaThread "GstBus" daemon [_thread_in_native, id=1348, stack(0x00000000483f0000,0x00000000484f0000)]
  0x00000000216b0800 JavaThread "GstBus" daemon [_thread_in_native, id=27216, stack(0x00000000482f0000,0x00000000483f0000)]
  0x00000000216af800 JavaThread "GstBus" daemon [_thread_in_native, id=16752, stack(0x0000000047fe0000,0x00000000480e0000)]
  0x00000000216ac800 JavaThread "GstBus" daemon [_thread_in_native, id=36372, stack(0x0000000047ee0000,0x0000000047fe0000)]
  0x00000000216ab000 JavaThread "GstBus" daemon [_thread_in_native, id=7488, stack(0x0000000047de0000,0x0000000047ee0000)]
  0x00000000216af000 JavaThread "GstBus" daemon [_thread_in_native, id=27228, stack(0x0000000047b50000,0x0000000047c50000)]
  0x00000000216ac000 JavaThread "gstreamer service thread 1" daemon [_thread_blocked, id=19364, stack(0x0000000047a50000,0x0000000047b50000)]
  0x000000001fab9000 JavaThread "NativeObject Reaper" daemon [_thread_blocked, id=23496, stack(0x0000000042130000,0x0000000042230000)]
  0x000000001fb3e000 JavaThread "Java Sound Event Dispatcher" daemon [_thread_blocked, id=24720, stack(0x000000003a9e0000,0x000000003aae0000)]
  0x000000003199f000 JavaThread "Thread-8" [_thread_blocked, id=37592, stack(0x000000003a8e0000,0x000000003a9e0000)]
  0x00000000319a2000 JavaThread "Java Sound Event Dispatcher" daemon [_thread_blocked, id=36660, stack(0x0000000039f00000,0x000000003a000000)]
  0x0000000002a86000 JavaThread "DestroyJavaVM" [_thread_blocked, id=30476, stack(0x0000000002780000,0x0000000002880000)]
=>0x0000000021bae000 JavaThread "main-FPSAWTAnimator#00-Timer0" [_thread_in_native, id=36076, stack(0x0000000038fa0000,0x00000000390a0000)]
  0x0000000028355000 JavaThread "Thread-3" [_thread_blocked, id=36124, stack(0x0000000035d20000,0x0000000035e20000)]
  0x0000000021478800 JavaThread "HighResTimerThread" daemon [_thread_blocked, id=27376, stack(0x0000000034850000,0x0000000034950000)]
  0x0000000031c3e000 JavaThread "main-SharedResourceRunner" daemon [_thread_blocked, id=22536, stack(0x0000000025000000,0x0000000025100000)]
  0x0000000028645000 JavaThread "main-Display-.windows_nil-1-EDT-1" daemon [_thread_blocked, id=35956, stack(0x00000000332f0000,0x00000000333f0000)]
  0x000000002106f000 JavaThread "AWT-Windows" daemon [_thread_in_native, id=24712, stack(0x0000000022640000,0x0000000022740000)]
  0x000000002106d800 JavaThread "Java2D Disposer" daemon [_thread_blocked, id=28608, stack(0x0000000020280000,0x0000000020380000)]
  0x000000001f4b6800 JavaThread "Service Thread" daemon [_thread_blocked, id=34420, stack(0x000000001ff40000,0x0000000020040000)]
  0x000000001f41d800 JavaThread "C1 CompilerThread3" daemon [_thread_blocked, id=23104, stack(0x000000001fe40000,0x000000001ff40000)]
  0x000000001f41c800 JavaThread "C2 CompilerThread2" daemon [_thread_in_native, id=37600, stack(0x000000001fd40000,0x000000001fe40000)]
  0x000000001f41c000 JavaThread "C2 CompilerThread1" daemon [_thread_blocked, id=37384, stack(0x000000001fc40000,0x000000001fd40000)]
  0x000000001f40d000 JavaThread "C2 CompilerThread0" daemon [_thread_blocked, id=26252, stack(0x000000001fb40000,0x000000001fc40000)]
  0x000000001e448000 JavaThread "JDWP Command Reader" daemon [_thread_in_native, id=35092, stack(0x000000001f240000,0x000000001f340000)]
  0x000000001e447000 JavaThread "JDWP Event Helper Thread" daemon [_thread_blocked, id=36056, stack(0x000000001f140000,0x000000001f240000)]
  0x000000001c64c000 JavaThread "JDWP Transport Listener: dt_socket" daemon [_thread_blocked, id=29296, stack(0x000000001f040000,0x000000001f140000)]
  0x000000001e438000 JavaThread "Attach Listener" daemon [_thread_blocked, id=35936, stack(0x000000001ec00000,0x000000001ed00000)]
  0x000000001e434000 JavaThread "Signal Dispatcher" daemon [_thread_blocked, id=26340, stack(0x000000001eb00000,0x000000001ec00000)]
  0x0000000002b7b000 JavaThread "Finalizer" daemon [_thread_blocked, id=37284, stack(0x000000001e900000,0x000000001ea00000)]
  0x000000001e420800 JavaThread "Reference Handler" daemon [_thread_blocked, id=15864, stack(0x000000001e800000,0x000000001e900000)]

Other Threads:
  0x000000001c639000 VMThread [stack: 0x000000001e300000,0x000000001e400000] [id=36904]
  0x000000001f438000 WatcherThread [stack: 0x0000000020040000,0x0000000020140000] [id=27540]

VM state:not at safepoint (normal execution)

VM Mutex/Monitor currently owned by a thread: None

heap address: 0x00000006c0a00000, size: 4086 MB, Compressed Oops mode: Zero based, Oop shift amount: 3
Narrow klass base: 0x0000000000000000, Narrow klass shift: 3
Compressed class space size: 1073741824 Address: 0x00000007c0000000

Heap:
 PSYoungGen      total 118272K, used 4606K [0x000000076ae00000, 0x0000000779300000, 0x00000007c0000000)
  eden space 109056K, 4% used [0x000000076ae00000,0x000000076b27fac8,0x0000000771880000)
  from space 9216K, 0% used [0x0000000771880000,0x0000000771880000,0x0000000772180000)
  to   space 9216K, 0% used [0x0000000778a00000,0x0000000778a00000,0x0000000779300000)
 ParOldGen       total 192512K, used 72333K [0x00000006c0a00000, 0x00000006cc600000, 0x000000076ae00000)
  object space 192512K, 37% used [0x00000006c0a00000,0x00000006c50a3668,0x00000006cc600000)
 Metaspace       used 22935K, capacity 23258K, committed 23424K, reserved 1071104K
  class space    used 2272K, capacity 2396K, committed 2432K, reserved 1048576K

Card table byte_map: [0x0000000011f40000,0x0000000012740000] byte_map_base: 0x000000000e93b000

Marking Bits: (ParMarkBitMap*) 0x000000006e0a5ce0
 Begin Bits: [0x00000000134a0000, 0x0000000017478000)
 End Bits:   [0x0000000017478000, 0x000000001b450000)

Polling page: 0x0000000000ec0000

CodeCache: size=245760Kb used=9280Kb max_used=9293Kb free=236480Kb
 bounds [0x0000000002b80000, 0x00000000034a0000, 0x0000000011b80000]
 total_blobs=3236 nmethods=2299 adapters=857
 compilation: enabled

Compilation events (10 events):
Event: 11.156 Thread 0x000000001f41d800 2490       3       jogamp.opengl.gl4.GL4bcImpl::glBlendEquationSeparate (45 bytes)
Event: 11.157 Thread 0x000000001f41d800 nmethod 2490 0x0000000003470bd0 code [0x0000000003470e20, 0x0000000003471be8]
Event: 11.157 Thread 0x000000001f41d800 2492       3       processing.opengl.PJOGL::blendFuncSeparate (15 bytes)
Event: 11.157 Thread 0x000000001f41d800 nmethod 2492 0x0000000003470710 code [0x0000000003470880, 0x0000000003470ac8]
Event: 11.157 Thread 0x000000001f41d800 2493       3       jogamp.opengl.gl4.GL4bcImpl::glBlendFuncSeparate (51 bytes)
Event: 11.157 Thread 0x000000001f41c000 nmethod 2488 0x00000000034703d0 code [0x0000000003470500, 0x00000000034705d8]
Event: 11.157 Thread 0x000000001f41c000 2495       4       processing.opengl.PGraphicsOpenGL$TessGeometry::modelviewCoords (984 bytes)
Event: 11.158 Thread 0x000000001f41d800 nmethod 2493 0x0000000003486610 code [0x0000000003486860, 0x0000000003487648]
Event: 11.164 Thread 0x000000001f41d800 2497       3       processing.core.PGraphics::blendMode (10 bytes)
Event: 11.165 Thread 0x000000001f41d800 nmethod 2497 0x00000000034861d0 code [0x0000000003486340, 0x0000000003486568]

GC Heap History (10 events):
Event: 7.137 GC heap before
{Heap before GC invocations=5 (full 1):
 PSYoungGen      total 76288K, used 6086K [0x000000076ae00000, 0x0000000770300000, 0x00000007c0000000)
  eden space 65536K, 0% used [0x000000076ae00000,0x000000076ae00000,0x000000076ee00000)
  from space 10752K, 56% used [0x000000076f880000,0x000000076fe71a18,0x0000000770300000)
  to   space 10752K, 0% used [0x000000076ee00000,0x000000076ee00000,0x000000076f880000)
 ParOldGen       total 175104K, used 40K [0x00000006c0a00000, 0x00000006cb500000, 0x000000076ae00000)
  object space 175104K, 0% used [0x00000006c0a00000,0x00000006c0a0a000,0x00000006cb500000)
 Metaspace       used 20886K, capacity 21052K, committed 21296K, reserved 1069056K
  class space    used 2063K, capacity 2143K, committed 2176K, reserved 1048576K
Event: 7.162 GC heap after
Heap after GC invocations=5 (full 1):
 PSYoungGen      total 76288K, used 0K [0x000000076ae00000, 0x0000000770300000, 0x00000007c0000000)
  eden space 65536K, 0% used [0x000000076ae00000,0x000000076ae00000,0x000000076ee00000)
  from space 10752K, 0% used [0x000000076f880000,0x000000076f880000,0x0000000770300000)
  to   space 10752K, 0% used [0x000000076ee00000,0x000000076ee00000,0x000000076f880000)
 ParOldGen       total 90624K, used 5852K [0x00000006c0a00000, 0x00000006c6280000, 0x000000076ae00000)
  object space 90624K, 6% used [0x00000006c0a00000,0x00000006c0fb7380,0x00000006c6280000)
 Metaspace       used 20886K, capacity 21052K, committed 21296K, reserved 1069056K
  class space    used 2063K, capacity 2143K, committed 2176K, reserved 1048576K
}
Event: 8.309 GC heap before
{Heap before GC invocations=6 (full 1):
 PSYoungGen      total 76288K, used 33508K [0x000000076ae00000, 0x0000000770300000, 0x00000007c0000000)
  eden space 65536K, 51% used [0x000000076ae00000,0x000000076ceb91a0,0x000000076ee00000)
  from space 10752K, 0% used [0x000000076f880000,0x000000076f880000,0x0000000770300000)
  to   space 10752K, 0% used [0x000000076ee00000,0x000000076ee00000,0x000000076f880000)
 ParOldGen       total 90624K, used 5852K [0x00000006c0a00000, 0x00000006c6280000, 0x000000076ae00000)
  object space 90624K, 6% used [0x00000006c0a00000,0x00000006c0fb7380,0x00000006c6280000)
 Metaspace       used 22142K, capacity 22462K, committed 22832K, reserved 1069056K
  class space    used 2234K, capacity 2354K, committed 2432K, reserved 1048576K
Event: 8.311 GC heap after
Heap after GC invocations=6 (full 1):
 PSYoungGen      total 76288K, used 1184K [0x000000076ae00000, 0x0000000772a00000, 0x00000007c0000000)
  eden space 65536K, 0% used [0x000000076ae00000,0x000000076ae00000,0x000000076ee00000)
  from space 10752K, 11% used [0x000000076ee00000,0x000000076ef28000,0x000000076f880000)
  to   space 8704K, 0% used [0x0000000772180000,0x0000000772180000,0x0000000772a00000)
 ParOldGen       total 90624K, used 5860K [0x00000006c0a00000, 0x00000006c6280000, 0x000000076ae00000)
  object space 90624K, 6% used [0x00000006c0a00000,0x00000006c0fb9380,0x00000006c6280000)
 Metaspace       used 22142K, capacity 22462K, committed 22832K, reserved 1069056K
  class space    used 2234K, capacity 2354K, committed 2432K, reserved 1048576K
}
Event: 8.314 GC heap before
{Heap before GC invocations=7 (full 1):
 PSYoungGen      total 76288K, used 34818K [0x000000076ae00000, 0x0000000772a00000, 0x00000007c0000000)
  eden space 65536K, 51% used [0x000000076ae00000,0x000000076ced88f8,0x000000076ee00000)
  from space 10752K, 11% used [0x000000076ee00000,0x000000076ef28000,0x000000076f880000)
  to   space 8704K, 0% used [0x0000000772180000,0x0000000772180000,0x0000000772a00000)
 ParOldGen       total 90624K, used 5860K [0x00000006c0a00000, 0x00000006c6280000, 0x000000076ae00000)
  object space 90624K, 6% used [0x00000006c0a00000,0x00000006c0fb9380,0x00000006c6280000)
 Metaspace       used 22153K, capacity 22468K, committed 22832K, reserved 1069056K
  class space    used 2235K, capacity 2355K, committed 2432K, reserved 1048576K
Event: 8.332 GC heap after
Heap after GC invocations=7 (full 1):
 PSYoungGen      total 117760K, used 640K [0x000000076ae00000, 0x0000000773f80000, 0x00000007c0000000)
  eden space 109056K, 0% used [0x000000076ae00000,0x000000076ae00000,0x0000000771880000)
  from space 8704K, 7% used [0x0000000772180000,0x0000000772220000,0x0000000772a00000)
  to   space 9216K, 0% used [0x0000000771880000,0x0000000771880000,0x0000000772180000)
 ParOldGen       total 90624K, used 38268K [0x00000006c0a00000, 0x00000006c6280000, 0x000000076ae00000)
  object space 90624K, 42% used [0x00000006c0a00000,0x00000006c2f5f390,0x00000006c6280000)
 Metaspace       used 22153K, capacity 22468K, committed 22832K, reserved 1069056K
  class space    used 2235K, capacity 2355K, committed 2432K, reserved 1048576K
}
Event: 10.932 GC heap before
{Heap before GC invocations=8 (full 1):
 PSYoungGen      total 117760K, used 109696K [0x000000076ae00000, 0x0000000773f80000, 0x00000007c0000000)
  eden space 109056K, 100% used [0x000000076ae00000,0x0000000771880000,0x0000000771880000)
  from space 8704K, 7% used [0x0000000772180000,0x0000000772220000,0x0000000772a00000)
  to   space 9216K, 0% used [0x0000000771880000,0x0000000771880000,0x0000000772180000)
 ParOldGen       total 90624K, used 38268K [0x00000006c0a00000, 0x00000006c6280000, 0x000000076ae00000)
  object space 90624K, 42% used [0x00000006c0a00000,0x00000006c2f5f390,0x00000006c6280000)
 Metaspace       used 22806K, capacity 23130K, committed 23424K, reserved 1071104K
  class space    used 2270K, capacity 2396K, committed 2432K, reserved 1048576K
Event: 10.950 GC heap after
Heap after GC invocations=8 (full 1):
 PSYoungGen      total 118272K, used 2240K [0x000000076ae00000, 0x0000000779300000, 0x00000007c0000000)
  eden space 109056K, 0% used [0x000000076ae00000,0x000000076ae00000,0x0000000771880000)
  from space 9216K, 24% used [0x0000000771880000,0x0000000771ab0040,0x0000000772180000)
  to   space 9216K, 0% used [0x0000000778a00000,0x0000000778a00000,0x0000000779300000)
 ParOldGen       total 90624K, used 70676K [0x00000006c0a00000, 0x00000006c6280000, 0x000000076ae00000)
  object space 90624K, 77% used [0x00000006c0a00000,0x00000006c4f053a0,0x00000006c6280000)
 Metaspace       used 22806K, capacity 23130K, committed 23424K, reserved 1071104K
  class space    used 2270K, capacity 2396K, committed 2432K, reserved 1048576K
}
Event: 10.950 GC heap before
{Heap before GC invocations=9 (full 2):
 PSYoungGen      total 118272K, used 2240K [0x000000076ae00000, 0x0000000779300000, 0x00000007c0000000)
  eden space 109056K, 0% used [0x000000076ae00000,0x000000076ae00000,0x0000000771880000)
  from space 9216K, 24% used [0x0000000771880000,0x0000000771ab0040,0x0000000772180000)
  to   space 9216K, 0% used [0x0000000778a00000,0x0000000778a00000,0x0000000779300000)
 ParOldGen       total 90624K, used 70676K [0x00000006c0a00000, 0x00000006c6280000, 0x000000076ae00000)
  object space 90624K, 77% used [0x00000006c0a00000,0x00000006c4f053a0,0x00000006c6280000)
 Metaspace       used 22806K, capacity 23130K, committed 23424K, reserved 1071104K
  class space    used 2270K, capacity 2396K, committed 2432K, reserved 1048576K
Event: 11.011 GC heap after
Heap after GC invocations=9 (full 2):
 PSYoungGen      total 118272K, used 0K [0x000000076ae00000, 0x0000000779300000, 0x00000007c0000000)
  eden space 109056K, 0% used [0x000000076ae00000,0x000000076ae00000,0x0000000771880000)
  from space 9216K, 0% used [0x0000000771880000,0x0000000771880000,0x0000000772180000)
  to   space 9216K, 0% used [0x0000000778a00000,0x0000000778a00000,0x0000000779300000)
 ParOldGen       total 192512K, used 72333K [0x00000006c0a00000, 0x00000006cc600000, 0x000000076ae00000)
  object space 192512K, 37% used [0x00000006c0a00000,0x00000006c50a3668,0x00000006cc600000)
 Metaspace       used 22806K, capacity 23130K, committed 23424K, reserved 1071104K
  class space    used 2270K, capacity 2396K, committed 2432K, reserved 1048576K
}

Deoptimization events (10 events):
Event: 8.591 Thread 0x0000000021bae000 Uncommon trap: reason=class_check action=maybe_recompile pc=0x0000000002d628bc method=com.jogamp.common.nio.Buffers.getDirectBufferByteOffset(Ljava/lang/Object;)I @ 7
Event: 8.591 Thread 0x0000000021bae000 Uncommon trap: reason=unstable_if action=reinterpret pc=0x0000000002e83678 method=jogamp.opengl.gl4.GL4bcImpl.checkBufferObject(ZZZILjava/lang/String;Z)Z @ 59
Event: 8.591 Thread 0x0000000021bae000 Uncommon trap: reason=class_check action=maybe_recompile pc=0x0000000002c99238 method=com.jogamp.common.nio.Buffers.isDirect(Ljava/lang/Object;)Z @ 7
Event: 8.591 Thread 0x0000000021bae000 Uncommon trap: reason=class_check action=maybe_recompile pc=0x0000000002d628bc method=com.jogamp.common.nio.Buffers.getDirectBufferByteOffset(Ljava/lang/Object;)I @ 7
Event: 8.601 Thread 0x0000000021bae000 Uncommon trap: reason=unstable_if action=reinterpret pc=0x0000000003009924 method=com.jogamp.common.util.IntIntHashMap.get(I)I @ 19
Event: 8.602 Thread 0x0000000021bae000 Uncommon trap: reason=unstable_if action=reinterpret pc=0x0000000002f32c18 method=com.jogamp.common.nio.Buffers.rangeCheckBytes(Ljava/lang/Object;I)V @ 1
Event: 8.602 Thread 0x0000000021bae000 Uncommon trap: reason=unstable_if action=reinterpret pc=0x0000000002c99248 method=com.jogamp.common.nio.Buffers.isDirect(Ljava/lang/Object;)Z @ 1
Event: 8.602 Thread 0x0000000021bae000 Uncommon trap: reason=unstable_if action=reinterpret pc=0x0000000002d628cc method=com.jogamp.common.nio.Buffers.getDirectBufferByteOffset(Ljava/lang/Object;)I @ 1
Event: 8.613 Thread 0x0000000021bae000 Uncommon trap: reason=class_check action=maybe_recompile pc=0x0000000002de655c method=java.util.regex.Pattern$CharProperty.match(Ljava/util/regex/Matcher;ILjava/lang/CharSequence;)Z @ 37
Event: 10.168 Thread 0x00000000216ac000 Uncommon trap: reason=unstable_if action=reinterpret pc=0x0000000003374af8 method=com.sun.jna.Native.getNativeSize(Ljava/lang/Class;)I @ 143

Classes redefined (0 events):
No events

Internal exceptions (10 events):
Event: 8.293 Thread 0x0000000028850800 Exception <a 'java/lang/UnsatisfiedLinkError': The specified module could not be found.
> (0x000000076cc622e8) thrown at [C:\re\workspace\8-2-build-windows-amd64-cygwin\jdk8u202\12323\hotspot\src\share\vm\prims\jni.cpp, line 736]
Event: 8.296 Thread 0x0000000028850800 Exception <a 'java/lang/UnsatisfiedLinkError': The specified module could not be found.
> (0x000000076cc62f78) thrown at [C:\re\workspace\8-2-build-windows-amd64-cygwin\jdk8u202\12323\hotspot\src\share\vm\prims\jni.cpp, line 736]
Event: 8.299 Thread 0x0000000028850800 Exception <a 'java/lang/UnsatisfiedLinkError': The specified module could not be found.
> (0x000000076cd8f7a0) thrown at [C:\re\workspace\8-2-build-windows-amd64-cygwin\jdk8u202\12323\hotspot\src\share\vm\prims\jni.cpp, line 736]
Event: 8.302 Thread 0x0000000028850800 Exception <a 'java/lang/UnsatisfiedLinkError': The specified module could not be found.
> (0x000000076cd90500) thrown at [C:\re\workspace\8-2-build-windows-amd64-cygwin\jdk8u202\12323\hotspot\src\share\vm\prims\jni.cpp, line 736]
Event: 8.305 Thread 0x0000000028850800 Exception <a 'java/lang/UnsatisfiedLinkError': The specified module could not be found.
> (0x000000076cd91220) thrown at [C:\re\workspace\8-2-build-windows-amd64-cygwin\jdk8u202\12323\hotspot\src\share\vm\prims\jni.cpp, line 736]
Event: 8.601 Thread 0x0000000021bae000 Implicit null exception at 0x000000000300986f to 0x0000000003009905
Event: 8.602 Thread 0x0000000021bae000 Implicit null exception at 0x0000000002f32bac to 0x0000000002f32c05
Event: 8.602 Thread 0x0000000021bae000 Implicit null exception at 0x0000000002c9920c to 0x0000000002c99239
Event: 8.602 Thread 0x0000000021bae000 Implicit null exception at 0x0000000002d6288c to 0x0000000002d628bd
Event: 8.625 Thread 0x0000000028850800 Exception <a 'java/lang/reflect/InvocationTargetException'> (0x000000076cee42e8) thrown at [C:\re\workspace\8-2-build-windows-amd64-cygwin\jdk8u202\12323\hotspot\src\share\vm\runtime\reflection.cpp, line 1092]

Events (10 events):
Event: 11.109 loading class java/util/concurrent/ThreadLocalRandom
Event: 11.109 loading class java/util/concurrent/ThreadLocalRandom done
Event: 11.109 loading class processing/core/PVector
Event: 11.109 loading class processing/core/PVector done
Event: 11.109 Thread 0x0000000021bae000 DEOPT PACKING pc=0x0000000002e5b249 sp=0x000000003909c900
Event: 11.109 Thread 0x0000000021bae000 DEOPT UNPACKING pc=0x0000000002bc7890 sp=0x000000003909c650 mode 1
Event: 11.109 Thread 0x0000000021bae000 DEOPT PACKING pc=0x0000000002e48ef4 sp=0x000000003909c980
Event: 11.109 Thread 0x0000000021bae000 DEOPT UNPACKING pc=0x0000000002bc7890 sp=0x000000003909c7a0 mode 1
Event: 11.109 Thread 0x0000000021bae000 DEOPT PACKING pc=0x0000000002e48c8c sp=0x000000003909cb10
Event: 11.109 Thread 0x0000000021bae000 DEOPT UNPACKING pc=0x0000000002bc7890 sp=0x000000003909c930 mode 1


Dynamic libraries:
0x00007ff66fa00000 - 0x00007ff66fa37000 	C:\Program Files\Java\jdk1.8.0_202\bin\javaw.exe
0x00007fffb32c0000 - 0x00007fffb34b0000 	C:\WINDOWS\SYSTEM32\ntdll.dll
0x00007fffb18d0000 - 0x00007fffb1982000 	C:\WINDOWS\System32\KERNEL32.DLL
0x00007fffb0360000 - 0x00007fffb0603000 	C:\WINDOWS\System32\KERNELBASE.dll
0x00007fffb2f50000 - 0x00007fffb2ff3000 	C:\WINDOWS\System32\ADVAPI32.dll
0x00007fffb28a0000 - 0x00007fffb293e000 	C:\WINDOWS\System32\msvcrt.dll
0x00007fffb1990000 - 0x00007fffb1a27000 	C:\WINDOWS\System32\sechost.dll
0x00007fffb1f60000 - 0x00007fffb2080000 	C:\WINDOWS\System32\RPCRT4.dll
0x00007fffb2db0000 - 0x00007fffb2f43000 	C:\WINDOWS\System32\USER32.dll
0x00007fffb0ea0000 - 0x00007fffb0ec1000 	C:\WINDOWS\System32\win32u.dll
0x00007fffb1430000 - 0x00007fffb1456000 	C:\WINDOWS\System32\GDI32.dll
0x00007fffb10d0000 - 0x00007fffb1264000 	C:\WINDOWS\System32\gdi32full.dll
0x00007fffb0630000 - 0x00007fffb06ce000 	C:\WINDOWS\System32\msvcp_win.dll
0x00007fffb1270000 - 0x00007fffb136a000 	C:\WINDOWS\System32\ucrtbase.dll
0x00007fffa2020000 - 0x00007fffa22a5000 	C:\WINDOWS\WinSxS\amd64_microsoft.windows.common-controls_6595b64144ccf1df_6.0.18362.295_none_e6c3acbd13101292\COMCTL32.dll
0x00007fffb1460000 - 0x00007fffb1796000 	C:\WINDOWS\System32\combase.dll
0x00007fffb0ed0000 - 0x00007fffb0f50000 	C:\WINDOWS\System32\bcryptPrimitives.dll
0x00007fffb1f30000 - 0x00007fffb1f5e000 	C:\WINDOWS\System32\IMM32.DLL
0x000000006e130000 - 0x000000006e202000 	C:\Program Files\Java\jdk1.8.0_202\jre\bin\msvcr100.dll
0x000000006d880000 - 0x000000006e125000 	C:\Program Files\Java\jdk1.8.0_202\jre\bin\server\jvm.dll
0x00007fffb1ba0000 - 0x00007fffb1ba8000 	C:\WINDOWS\System32\PSAPI.DLL
0x00007fff92a90000 - 0x00007fff92a99000 	C:\WINDOWS\SYSTEM32\WSOCK32.dll
0x00007fffad9d0000 - 0x00007fffad9f4000 	C:\WINDOWS\SYSTEM32\WINMM.dll
0x00007fffa9090000 - 0x00007fffa909a000 	C:\WINDOWS\SYSTEM32\VERSION.dll
0x00007fffb3210000 - 0x00007fffb327f000 	C:\WINDOWS\System32\WS2_32.dll
0x00007fffad8b0000 - 0x00007fffad8dd000 	C:\WINDOWS\SYSTEM32\winmmbase.dll
0x00007fffb0e50000 - 0x00007fffb0e9a000 	C:\WINDOWS\System32\cfgmgr32.dll
0x00007fffadb90000 - 0x00007fffadb9f000 	C:\Program Files\Java\jdk1.8.0_202\jre\bin\verify.dll
0x00007fff96c40000 - 0x00007fff96c69000 	C:\Program Files\Java\jdk1.8.0_202\jre\bin\java.dll
0x00007fff858b0000 - 0x00007fff858e5000 	C:\Program Files\Java\jdk1.8.0_202\jre\bin\jdwp.dll
0x00007fff969f0000 - 0x00007fff969f8000 	C:\Program Files\Java\jdk1.8.0_202\jre\bin\npt.dll
0x00007fff804f0000 - 0x00007fff80513000 	C:\Program Files\Java\jdk1.8.0_202\jre\bin\instrument.dll
0x00007fff855d0000 - 0x00007fff855e6000 	C:\Program Files\Java\jdk1.8.0_202\jre\bin\zip.dll
0x00007fffb21b0000 - 0x00007fffb2892000 	C:\WINDOWS\System32\SHELL32.dll
0x00007fffb1820000 - 0x00007fffb18c9000 	C:\WINDOWS\System32\shcore.dll
0x00007fffb06d0000 - 0x00007fffb0e4c000 	C:\WINDOWS\System32\windows.storage.dll
0x00007fffb0210000 - 0x00007fffb022f000 	C:\WINDOWS\System32\profapi.dll
0x00007fffb01c0000 - 0x00007fffb020a000 	C:\WINDOWS\System32\powrprof.dll
0x00007fffb0190000 - 0x00007fffb01a0000 	C:\WINDOWS\System32\UMPDC.dll
0x00007fffb1370000 - 0x00007fffb13c2000 	C:\WINDOWS\System32\shlwapi.dll
0x00007fffb01a0000 - 0x00007fffb01b1000 	C:\WINDOWS\System32\kernel.appcore.dll
0x00007fffb0610000 - 0x00007fffb0627000 	C:\WINDOWS\System32\cryptsp.dll
0x00007fff96940000 - 0x00007fff96949000 	C:\Program Files\Java\jdk1.8.0_202\jre\bin\dt_socket.dll
0x00007fffa0b10000 - 0x00007fffa0b26000 	C:\WINDOWS\system32\napinsp.dll
0x00007fffa0b30000 - 0x00007fffa0b4a000 	C:\WINDOWS\system32\pnrpnsp.dll
0x00007fffafa00000 - 0x00007fffafa67000 	C:\WINDOWS\System32\mswsock.dll
0x00007fffaf750000 - 0x00007fffaf81a000 	C:\WINDOWS\SYSTEM32\DNSAPI.dll
0x00007fffb1a30000 - 0x00007fffb1a38000 	C:\WINDOWS\System32\NSI.dll
0x00007fffaf710000 - 0x00007fffaf74a000 	C:\WINDOWS\SYSTEM32\IPHLPAPI.DLL
0x00007fffa0ae0000 - 0x00007fffa0aee000 	C:\WINDOWS\System32\winrnr.dll
0x00007fffac110000 - 0x00007fffac12c000 	C:\WINDOWS\system32\NLAapi.dll
0x00007fffab520000 - 0x00007fffab535000 	C:\WINDOWS\system32\wshbth.dll
0x00007fffa38e0000 - 0x00007fffa3957000 	C:\WINDOWS\System32\fwpuclnt.dll
0x00007fffb10a0000 - 0x00007fffb10c6000 	C:\WINDOWS\System32\bcrypt.dll
0x00007fffa0b50000 - 0x00007fffa0b5a000 	C:\Windows\System32\rasadhlp.dll
0x00007fff573c0000 - 0x00007fff57559000 	C:\Program Files\Java\jdk1.8.0_202\jre\bin\awt.dll
0x00007fffb2080000 - 0x00007fffb2144000 	C:\WINDOWS\System32\OLEAUT32.dll
0x00007fffadc30000 - 0x00007fffadcbf000 	C:\WINDOWS\SYSTEM32\apphelp.dll
0x00007fffadfa0000 - 0x00007fffae039000 	C:\WINDOWS\system32\uxtheme.dll
0x00007fffb3000000 - 0x00007fffb3136000 	C:\WINDOWS\System32\MSCTF.dll
0x00007fff796c0000 - 0x00007fff79709000 	C:\Program Files\ASUSTeKcomputer.Inc\SS2\UserInterface\x64\SS2OSD.dll
0x00007fff79710000 - 0x00007fff79743000 	C:\Program Files\ASUSTeKcomputer.Inc\SS2\UserInterface\x64\SS2DevProps.dll
0x00007fffb1a40000 - 0x00007fffb1b96000 	C:\WINDOWS\System32\ole32.dll
0x00007fffb1de0000 - 0x00007fffb1e82000 	C:\WINDOWS\System32\clbcatq.dll
0x00007fffa48a0000 - 0x00007fffa4918000 	C:\WINDOWS\System32\MMDevApi.dll
0x00007fffaffb0000 - 0x00007fffaffda000 	C:\WINDOWS\System32\DEVOBJ.dll
0x00007fffa4920000 - 0x00007fffa4a7d000 	C:\WINDOWS\SYSTEM32\AUDIOSES.DLL
0x00007fffab760000 - 0x00007fffab8b3000 	C:\WINDOWS\SYSTEM32\wintypes.dll
0x00007fffae060000 - 0x00007fffae14f000 	C:\WINDOWS\SYSTEM32\PropSys.dll
0x00007fffae6f0000 - 0x00007fffae71d000 	C:\WINDOWS\system32\DWMAPI.DLL
0x00007fff6ede0000 - 0x00007fff6ef2f000 	C:\WINDOWS\system32\opengl32.dll
0x00007fff6edb0000 - 0x00007fff6eddc000 	C:\WINDOWS\SYSTEM32\GLU32.dll
0x00007fffaee00000 - 0x00007fffaee20000 	C:\WINDOWS\SYSTEM32\dxcore.dll
0x00007fffa31f0000 - 0x00007fffa33b6000 	C:\WINDOWS\system32\d3d9.dll
0x00007fffa8670000 - 0x00007fffa875e000 	C:\WINDOWS\System32\DriverStore\FileRepository\nvami.inf_amd64_1fad1712b0376c4a\nvldumdx.dll
0x00007fffb0f50000 - 0x00007fffb1099000 	C:\WINDOWS\System32\crypt32.dll
0x00007fffb0230000 - 0x00007fffb0242000 	C:\WINDOWS\System32\MSASN1.dll
0x00007fffb0300000 - 0x00007fffb035c000 	C:\WINDOWS\System32\WINTRUST.DLL
0x00007fffb1f10000 - 0x00007fffb1f2d000 	C:\WINDOWS\System32\imagehlp.dll
0x00007fffaf570000 - 0x00007fffaf5a3000 	C:\WINDOWS\system32\rsaenh.dll
0x00007fffafbd0000 - 0x00007fffafbdc000 	C:\WINDOWS\SYSTEM32\CRYPTBASE.dll
0x00007fff6b400000 - 0x00007fff6c83c000 	C:\WINDOWS\System32\DriverStore\FileRepository\nvami.inf_amd64_1fad1712b0376c4a\nvd3dumx.dll
0x00007fffa4560000 - 0x00007fffa4624000 	C:\Program Files (x86)\NVIDIA Corporation\3D Vision\nvSCPAPI64.dll
0x00007fffb2940000 - 0x00007fffb2db0000 	C:\WINDOWS\System32\SETUPAPI.dll
0x00007fffaedb0000 - 0x00007fffaedd2000 	C:\WINDOWS\SYSTEM32\gpapi.dll
0x00007fffa4ca0000 - 0x00007fffa4ccf000 	C:\WINDOWS\SYSTEM32\cryptnet.dll
0x00007fffb00b0000 - 0x00007fffb00d5000 	C:\WINDOWS\SYSTEM32\USERENV.dll
0x00007fff852b0000 - 0x00007fff852ca000 	C:\Program Files\Java\jdk1.8.0_202\jre\bin\net.dll
0x00007fffa2de0000 - 0x00007fffa2fb6000 	C:\WINDOWS\SYSTEM32\urlmon.dll
0x00007fffa2b30000 - 0x00007fffa2dd6000 	C:\WINDOWS\SYSTEM32\iertutil.dll
0x00007fffa3db0000 - 0x00007fffa3dc6000 	C:\WINDOWS\SYSTEM32\dhcpcsvc6.DLL
0x00007fffa4c00000 - 0x00007fffa4c1c000 	C:\WINDOWS\SYSTEM32\dhcpcsvc.DLL
0x00007fff85250000 - 0x00007fff85262000 	C:\Program Files\Java\jdk1.8.0_202\jre\bin\nio.dll
0x00000000637c0000 - 0x00000000637cd000 	C:\Users\cacheflowe\AppData\Local\Temp\jogamp_0000\file_cache\jln2787164431327464445\jln6460588975923936399\natives\windows-amd64\gluegen-rt.dll
0x00007fff968e0000 - 0x00007fff968e7000 	C:\Program Files\Java\jdk1.8.0_202\jre\bin\jawt.dll
0x000000006a440000 - 0x000000006a44d000 	C:\Users\cacheflowe\AppData\Local\Temp\jogamp_0000\file_cache\jln2787164431327464445\jln6460588975923936399\natives\windows-amd64\nativewindow_awt.dll
0x000000006c100000 - 0x000000006c10f000 	C:\Users\cacheflowe\AppData\Local\Temp\jogamp_0000\file_cache\jln2787164431327464445\jln6460588975923936399\natives\windows-amd64\nativewindow_win32.dll
0x000000006cbc0000 - 0x000000006cbd3000 	C:\Users\cacheflowe\AppData\Local\Temp\jogamp_0000\file_cache\jln2787164431327464445\jln6460588975923936399\natives\windows-amd64\newt.dll
0x00007fffaa160000 - 0x00007fffaa20e000 	C:\WINDOWS\SYSTEM32\mscms.dll
0x00007fffaaa60000 - 0x00007fffaaa77000 	C:\WINDOWS\SYSTEM32\ColorAdapterClient.dll
0x00007fff6a700000 - 0x00007fff6a743000 	C:\WINDOWS\SYSTEM32\icm32.dll
0x0000000064500000 - 0x00000000645b1000 	C:\Users\cacheflowe\AppData\Local\Temp\jogamp_0000\file_cache\jln2787164431327464445\jln6460588975923936399\natives\windows-amd64\jogl_desktop.dll
0x0000000064340000 - 0x00000000643a2000 	C:\Users\cacheflowe\AppData\Local\Temp\jogamp_0000\file_cache\jln2787164431327464445\jln6460588975923936399\natives\windows-amd64\jogl_mobile.dll
0x000000006ebd0000 - 0x0000000071292000 	C:\WINDOWS\System32\DriverStore\FileRepository\nvami.inf_amd64_1fad1712b0376c4a\nvoglv64.dll
0x00007fffaec70000 - 0x00007fffaec83000 	C:\WINDOWS\SYSTEM32\WTSAPI32.dll
0x00007fffaf1f0000 - 0x00007fffaf221000 	C:\WINDOWS\SYSTEM32\ntmarta.dll
0x00007fffaf260000 - 0x00007fffaf2bc000 	C:\WINDOWS\SYSTEM32\WINSTA.dll
0x00007fff9ea50000 - 0x00007fff9eaee000 	C:\WINDOWS\System32\TextInputFramework.dll
0x00007fffab180000 - 0x00007fffab4aa000 	C:\WINDOWS\System32\CoreUIComponents.dll
0x00007fffad8e0000 - 0x00007fffad9b4000 	C:\WINDOWS\System32\CoreMessaging.dll
0x00007fffa27b0000 - 0x00007fffa2815000 	C:\WINDOWS\system32\Oleacc.dll
0x00007fff80450000 - 0x00007fff80497000 	C:\Program Files\Java\jdk1.8.0_202\jre\bin\fontmanager.dll
0x00007fff96470000 - 0x00007fff9647c000 	C:\Program Files\Java\jdk1.8.0_202\jre\bin\jsound.dll
0x00007fff92990000 - 0x00007fff9299b000 	C:\Program Files\Java\jdk1.8.0_202\jre\bin\jsoundds.dll
0x00007fffa84b0000 - 0x00007fffa8549000 	C:\WINDOWS\SYSTEM32\DSOUND.dll
0x00007fff6ad70000 - 0x00007fff6adb4000 	C:\WINDOWS\SYSTEM32\wdmaud.drv
0x00007fff6ad60000 - 0x00007fff6ad69000 	C:\WINDOWS\SYSTEM32\ksuser.dll
0x00007fffab740000 - 0x00007fffab74a000 	C:\WINDOWS\SYSTEM32\AVRT.dll
0x00007fff80400000 - 0x00007fff80442000 	C:\Program Files\Java\jdk1.8.0_202\jre\bin\t2k.dll
0x00007fff6ad50000 - 0x00007fff6ad5d000 	C:\WINDOWS\SYSTEM32\msacm32.drv
0x00007fff5db70000 - 0x00007fff5db8c000 	C:\WINDOWS\SYSTEM32\MSACM32.dll
0x00007fff6ad40000 - 0x00007fff6ad4a000 	C:\WINDOWS\SYSTEM32\midimap.dll
0x00007fff6f980000 - 0x00007fff6f9c1000 	C:\Users\cacheflowe\AppData\Local\Temp\jna-35313333\jna8167090846607217451.dll
0x000000006c000000 - 0x000000006c06d000 	D:\workspace\haxademic\lib\processing-3\libraries\video-2.0-beta4\library\windows64\libgstadaptivedemux-1.0-0.dll
0x00000000649c0000 - 0x0000000064f21000 	D:\workspace\haxademic\lib\processing-3\libraries\video-2.0-beta4\library\windows64\libglib-2.0-0.dll
0x0000000067f00000 - 0x00000000680b5000 	D:\workspace\haxademic\lib\processing-3\libraries\video-2.0-beta4\library\windows64\libgobject-2.0-0.dll
0x0000000062d00000 - 0x0000000062f2f000 	D:\workspace\haxademic\lib\processing-3\libraries\video-2.0-beta4\library\windows64\libgstbase-1.0-0.dll
0x00000000626c0000 - 0x00000000626f9000 	D:\workspace\haxademic\lib\processing-3\libraries\video-2.0-beta4\library\windows64\libgsturidownloader-1.0-0.dll

VM Arguments:
jvm_args: -agentlib:jdwp=transport=dt_socket,suspend=y,address=localhost:49892 -Djava.library.path=D:\workspace\haxademic\lib\jinput\native;D:\workspace\haxademic\lib\KinectPV2\library;D:\workspace\haxademic\lib\LeapMotionForProcessing\library\macosx;D:\workspace\haxademic\lib\processing-3\libraries\serial\library\windows64;D:\workspace\haxademic\lib\processing-3\libraries\sound\library\macosx;D:\workspace\haxademic\lib\RealSenseProcessing\library\native\windows-x64;D:\workspace\haxademic\lib\spout\library;D:\workspace\haxademic\lib\jasiohost -javaagent:C:\Users\cacheflowe\eclipse\java-2019-06\eclipse\configuration\org.eclipse.osgi\226\0\.cp\lib\javaagent-shaded.jar -Dfile.encoding=Cp1252 
java_command: com.haxademic.demo.media.video.Demo_MovieBetaLibrary
java_class_path (initial): D:\workspace\haxademic\bin;D:\workspace\haxademic\lib\beads\library\beads.jar;D:\workspace\haxademic\lib\beads\library\jarjar-1.0.jar;D:\workspace\haxademic\lib\beads\library\jl1.0.1.jar;D:\workspace\haxademic\lib\beads\library\org-jaudiolibs-audioservers-jack.jar;D:\workspace\haxademic\lib\beads\library\org-jaudiolibs-audioservers-javasound.jar;D:\workspace\haxademic\lib\beads\library\org-jaudiolibs-audioservers.jar;D:\workspace\haxademic\lib\beads\library\org-jaudiolibs-jnajack.jar;D:\workspace\haxademic\lib\beads\library\tools.jar;D:\workspace\haxademic\lib\beads\library\mp3spi1.9.4.jar;D:\workspace\haxademic\lib\beads\library\tritonus_aos-0.3.6.jar;D:\workspace\haxademic\lib\beads\library\tritonus_share.jar;D:\workspace\haxademic\lib\blobDetection\library\blobDetection.jar;D:\workspace\haxademic\lib\dmxP512\library\dmxP512.jar;D:\workspace\haxademic\lib\Ess\library\Ess.jar;D:\workspace\haxademic\lib\geomerative\library\batikfont.jar;D:\workspace\haxademic\lib\geomerative\library\geomerative.jar;D:\workspace\haxademic\lib\GIFAnimation\library\GifAnimation.jar;D:\workspace\haxademic\lib\hemesh\library\trove-3.1a1.jar;D:\workspace\haxademic\lib\hemesh\library\exp4j.jar;D:\workspace\haxademic\lib\hemesh\library\hemesh-data-2_2_0.jar;D:\workspace\haxademic\lib\hemesh\library\hemesh-external-2_2_0.jar;D:\workspace\haxademic\lib\hemesh\library\javolution-6.1.0.jar;D:\workspace\haxademic\lib\hemesh\library\jts.jar;D:\workspace\haxademic\lib\hemesh\library\objparser.jar;D:\workspace\haxademic\lib\hemesh\library\hemesh.jar;D:\workspace\haxademic\lib\java_websocket\Java-WebSocket-1.3.9.jar;D:\workspace\haxademic\lib\jetty\jetty-all-9.4.15.v20190215-uber.jar;D:\workspace\haxademic\lib\jinput\jinput-2.0.9.jar;D:\workspace\haxademic\lib\jnajack\jnajack-1.3.0.jar;D:\workspace\haxademic\lib\joons\library\janino.jar;D:\workspace\haxademic\lib\joons\library\sunflow73.jar;D:\workspace\haxademic\lib\joons\library\joons.jar;D:\workspace\haxademic\lib\Kin
Launcher Type: SUN_STANDARD

Environment Variables:
PATH=C:\Program Files\Java\jdk1.8.0_202\jre\bin;C:/Program Files/AdoptOpenJDK/jdk-12.0.2.10-openj9/bin/j9vm;C:/Program Files/AdoptOpenJDK/jdk-12.0.2.10-openj9/bin;C:\Program Files\AdoptOpenJDK\jdk-8.0.212.03-hotspot\bin;C:\Program Files\AdoptOpenJDK\jdk-8.0.212.04-openj9\bin;C:\Program Files (x86)\Common Files\Intel\Shared Libraries\redist\intel64\compiler;C:\ProgramData\Oracle\Java\javapath;C:\Program Files (x86)\Intel\iCLS Client\;C:\Program Files\Intel\iCLS Client\;C:\Windows\system32;C:\Windows;C:\Windows\System32\Wbem;C:\Windows\System32\WindowsPowerShell\v1.0\;C:\Program Files (x86)\NVIDIA Corporation\PhysX\Common;C:\Program Files (x86)\Intel\Intel(R) Management Engine Components\DAL;C:\Program Files\Intel\Intel(R) Management Engine Components\DAL;C:\Program Files (x86)\Intel\Intel(R) Management Engine Components\IPT;C:\Program Files\Intel\Intel(R) Management Engine Components\IPT;C:\Program Files\Intel\WiFi\bin\;C:\Program Files\Common Files\Intel\WirelessCommon\;C:\WINDOWS\system32;C:\WINDOWS;C:\WINDOWS\System32\Wbem;C:\WINDOWS\System32\WindowsPowerShell\v1.0\;C:\Program Files\Git\cmd;C:\Users\cacheflowe\.dnx\bin;C:\Program Files\Microsoft DNX\Dnvm\;C:\Program Files\Microsoft SQL Server\130\Tools\Binn\;C:\Program Files (x86)\GtkSharp\2.12\bin;C:\WINDOWS\System32\OpenSSH\;C:\Program Files\SourceGear\Common\DiffMerge\;C:\Program Files\dotnet\;C:\Program Files\Microsoft Network Monitor 3\;C:\Users\cacheflowe\AppData\Local\Microsoft\WindowsApps;C:\Users\cacheflowe\AppData\Local\atom\bin;C:\Users\cacheflowe\AppData\Local\GitHubDesktop\bin;C:\Users\cacheflowe\AppData\Local\Microsoft\WindowsApps;;C:\Users\cacheflowe\AppData\Local\Programs\Microsoft VS Code\bin;C:\Users\cacheflowe\eclipse\java-2019-06\eclipse;
USERNAME=cacheflowe
OS=Windows_NT
PROCESSOR_IDENTIFIER=Intel64 Family 6 Model 158 Stepping 9, GenuineIntel



---------------  S Y S T E M  ---------------

OS: Windows 10.0 , 64 bit Build 18362 (10.0.18362.86)

CPU:total 8 (initial active 8) (4 cores per cpu, 2 threads per core) family 6 model 158 stepping 9, cmov, cx8, fxsr, mmx, sse, sse2, sse3, ssse3, sse4.1, sse4.2, popcnt, avx, avx2, aes, clmul, erms, 3dnowpref, lzcnt, ht, tsc, tscinvbit, bmi1, bmi2, adx

Memory: 4k page, physical 16733040k(3526932k free), swap 52384624k(13995976k free)

vm_info: Java HotSpot(TM) 64-Bit Server VM (25.202-b08) for windows-amd64 JRE (1.8.0_202-b08), built on Dec 15 2018 19:54:30 by "java_re" with MS VC++ 10.0 (VS2010)

time: Sun Aug 25 11:39:57 2019
timezone: Mountain Daylight Time
elapsed time: 11 seconds (0d 0h 0m 11s)

