#
# A fatal error has been detected by the Java Runtime Environment:
#
#  EXCEPTION_ACCESS_VIOLATION (0xc0000005) at pc=0x00007fff34758fe0, pid=20840, tid=0x000000000000621c
#
# JRE version: Java(TM) SE Runtime Environment (8.0_171-b11) (build 1.8.0_171-b11)
# Java VM: Java HotSpot(TM) 64-Bit Server VM (25.171-b11 mixed mode windows-amd64 compressed oops)
# Problematic frame:
# C  [JNISpout_64.dll+0x8fe0]
#
# Failed to write core dump. Minidumps are not enabled by default on client versions of Windows
#
# If you would like to submit a bug report, please visit:
#   http://bugreport.java.com/bugreport/crash.jsp
# The crash happened outside the Java Virtual Machine in native code.
# See problematic frame for where to report the bug.
#

---------------  T H R E A D  ---------------

Current thread (0x0000000029b55800):  JavaThread "main-FPSAWTAnimator#00-Timer0" [_thread_in_native, id=25116, stack(0x000000002fe50000,0x000000002ff50000)]

siginfo: ExceptionCode=0xc0000005, reading address 0x0000000000000280

Registers:
RAX=0x0000000000020000, RBX=0x0000000000000000, RCX=0x0000000000000000, RDX=0x0000000000000000
RSP=0x000000002ff4e540, RBP=0x0000000000000000, RSI=0x0000000000000000, RDI=0x0000000002c383fd
R8 =0x0000000000000000, R9 =0x00000000000000d1, R10=0x0000000002c51dc4, R11=0x000000006cd2c460
R12=0x0000000000000000, R13=0x0000000034fa9080, R14=0x000000002ff4e668, R15=0x0000000029b55800
RIP=0x00007fff34758fe0, EFLAGS=0x0000000000010246

Top of Stack: (sp=0x000000002ff4e540)
0x000000002ff4e540:   0000000034fa6a28 000000001e5d1ac0
0x000000002ff4e550:   0000000029a82ff0 000000006cbcd6cb
0x000000002ff4e560:   000000002ff4e640 00007fff3475e877
0x000000002ff4e570:   000000076ee49c18 0000000002c383fd
0x000000002ff4e580:   0000000000000000 000000002ff4e5b0
0x000000002ff4e590:   0000000002c383fd 00007fff34764913
0x000000002ff4e5a0:   0000000000000000 000000076ee49c18
0x000000002ff4e5b0:   0000000002c64723 0000000002c356d0
0x000000002ff4e5c0:   0000000034fa9080 0000000002c51df0
0x000000002ff4e5d0:   0000000034fa6a50 000000006cc2d0c4
0x000000002ff4e5e0:   00000000000000b6 0000000034f9c550
0x000000002ff4e5f0:   0000000029b55800 0000000034fa6a50
0x000000002ff4e600:   000000002ff4e600 0000000000000000
0x000000002ff4e610:   000000002ff4e668 0000000034fa9710
0x000000002ff4e620:   0000000000000000 0000000034fa9080
0x000000002ff4e630:   0000000000000000 000000002ff4e660 

Instructions: (pc=0x00007fff34758fe0)
0x00007fff34758fc0:   8b d9 0f b6 f2 ff 15 8d 64 02 00 33 ed 48 85 c0
0x00007fff34758fd0:   0f 84 d5 00 00 00 48 89 7c 24 38 40 84 f6 75 25
0x00007fff34758fe0:   48 8b 8b 80 02 00 00 48 85 c9 74 19 48 8b 93 88
0x00007fff34758ff0:   02 00 00 48 85 d2 74 0d ff 15 52 87 03 00 48 89 


Register to memory mapping:

RAX=0x0000000000020000 is an unknown value
RBX=0x0000000000000000 is an unknown value
RCX=0x0000000000000000 is an unknown value
RDX=0x0000000000000000 is an unknown value
RSP=0x000000002ff4e540 is pointing into the stack for thread: 0x0000000029b55800
RBP=0x0000000000000000 is an unknown value
RSI=0x0000000000000000 is an unknown value
RDI=0x0000000002c383fd is at code_begin+2301 in an Interpreter codelet
invoke return entry points  [0x0000000002c37b00, 0x0000000002c384e0]  2528 bytes
R8 =0x0000000000000000 is an unknown value
R9 =0x00000000000000d1 is an unknown value
R10=0x0000000002c51dc4 is at code_begin+1700 in an Interpreter codelet
method entry point (kind = native)  [0x0000000002c51720, 0x0000000002c527e0]  4288 bytes
R11=0x000000006cd2c460 is an unknown value
R12=0x0000000000000000 is an unknown value
R13={method} {0x0000000034fa9088} 'releaseReceiver' '(J)Z' in 'spout/JNISpout'
R14=0x000000002ff4e668 is pointing into the stack for thread: 0x0000000029b55800
R15=0x0000000029b55800 is a thread


Stack: [0x000000002fe50000,0x000000002ff50000],  sp=0x000000002ff4e540,  free space=1017k
Native frames: (J=compiled Java code, j=interpreted, Vv=VM code, C=native code)

Java frames: (J=compiled Java code, j=interpreted, Vv=VM code)
j  spout.JNISpout.releaseReceiver(J)Z+0
j  spout.Spout.closeReceiver()V+4
j  com.haxademic.sketch.robbie.Unity.UnitySpout.releaseSpout()V+32
J 1551 C1 com.haxademic.sketch.robbie.Unity.UnitySocketServer.checkIn()V (49 bytes) @ 0x0000000003204844 [0x0000000003204660+0x1e4]
J 1471 C1 com.haxademic.sketch.robbie.Unity.UnitySocketServer.draw(I)V (75 bytes) @ 0x00000000031966e4 [0x0000000003196400+0x2e4]
J 1022 C1 com.haxademic.sketch.robbie.Unity.UnitySocketServer.updatedNumber(Ljava/lang/String;Ljava/lang/Number;)V (35 bytes) @ 0x000000000305c06c [0x000000000305bc40+0x42c]
J 1226 C1 com.haxademic.core.data.store.AppStore.setNumber(Ljava/lang/String;Ljava/lang/Number;)V (52 bytes) @ 0x00000000030cfc8c [0x00000000030cf6e0+0x5ac]
J 1605 C1 com.haxademic.sketch.robbie.Unity.UnityProcessingDemo.drawApp()V (106 bytes) @ 0x0000000003233064 [0x0000000003231e00+0x1264]
J 1376 C1 com.haxademic.core.app.PAppletHax.draw()V (228 bytes) @ 0x00000000031404f4 [0x000000000313fb20+0x9d4]
J 1370 C1 processing.core.PApplet.handleDraw()V (253 bytes) @ 0x0000000003139874 [0x0000000003138d60+0xb14]
J 1511 C1 processing.opengl.PSurfaceJOGL$DrawListener.display(Lcom/jogamp/opengl/GLAutoDrawable;)V (220 bytes) @ 0x00000000031ccd74 [0x00000000031cc5e0+0x794]
J 1510 C1 jogamp.opengl.GLDrawableHelper.displayImpl(Lcom/jogamp/opengl/GLAutoDrawable;)V (86 bytes) @ 0x00000000031c9ffc [0x00000000031c9680+0x97c]
J 1508 C1 jogamp.opengl.GLAutoDrawableBase$2.run()V (73 bytes) @ 0x00000000031cb7d4 [0x00000000031cb3e0+0x3f4]
J 1507 C1 jogamp.opengl.GLDrawableHelper.invokeGLImpl(Lcom/jogamp/opengl/GLDrawable;Lcom/jogamp/opengl/GLContext;Ljava/lang/Runnable;Ljava/lang/Runnable;)V (579 bytes) @ 0x00000000031c622c [0x00000000031c5360+0xecc]
J 1556 C1 jogamp.opengl.GLDrawableHelper.invokeGL(Lcom/jogamp/opengl/GLDrawable;Lcom/jogamp/opengl/GLContext;Ljava/lang/Runnable;Ljava/lang/Runnable;)V (76 bytes) @ 0x0000000003206d7c [0x0000000003206c80+0xfc]
J 1498 C1 com.jogamp.newt.opengl.GLWindow.display()V (144 bytes) @ 0x00000000031ba1b4 [0x00000000031b9880+0x934]
J 1497 C1 com.jogamp.opengl.util.AWTAnimatorImpl.display(Ljava/util/ArrayList;ZZ)V (170 bytes) @ 0x00000000031b0a3c [0x00000000031b0340+0x6fc]
J 1495 C1 com.jogamp.opengl.util.FPSAnimator$MainTask.run()V (805 bytes) @ 0x00000000031b515c [0x00000000031b43c0+0xd9c]
j  java.util.TimerThread.mainLoop()V+221
j  java.util.TimerThread.run()V+1
v  ~StubRoutines::call_stub

---------------  P R O C E S S  ---------------

Java Threads: ( => current thread )
  0x0000000029ce1800 JavaThread "WebSocketTimer" [_thread_blocked, id=8348, stack(0x0000000035250000,0x0000000035350000)]
  0x0000000029ce0000 JavaThread "WebSocketSelector-39" [_thread_in_native, id=27240, stack(0x0000000034e60000,0x0000000034f60000)]
  0x0000000029ce0800 JavaThread "Thread-14" [_thread_in_native, id=21976, stack(0x0000000034d60000,0x0000000034e60000)]
  0x0000000029cde800 JavaThread "WebSocketWorker-36" [_thread_blocked, id=3332, stack(0x0000000034c60000,0x0000000034d60000)]
  0x0000000029ce4800 JavaThread "WebSocketWorker-35" [_thread_blocked, id=7992, stack(0x0000000034b60000,0x0000000034c60000)]
  0x0000000029ce4000 JavaThread "WebSocketWorker-34" [_thread_blocked, id=16580, stack(0x0000000034a60000,0x0000000034b60000)]
  0x0000000029cdf000 JavaThread "WebSocketWorker-33" [_thread_blocked, id=23776, stack(0x0000000034960000,0x0000000034a60000)]
  0x0000000029ce3000 JavaThread "WebSocketWorker-32" [_thread_blocked, id=11428, stack(0x0000000034860000,0x0000000034960000)]
  0x0000000029ce5800 JavaThread "WebSocketWorker-31" [_thread_blocked, id=12044, stack(0x0000000034760000,0x0000000034860000)]
  0x0000000029cc2800 JavaThread "WebSocketWorker-30" [_thread_blocked, id=24584, stack(0x0000000034660000,0x0000000034760000)]
  0x0000000029cbd000 JavaThread "WebSocketWorker-29" [_thread_blocked, id=17548, stack(0x0000000034560000,0x0000000034660000)]
  0x0000000002b35800 JavaThread "DestroyJavaVM" [_thread_blocked, id=12392, stack(0x0000000002a00000,0x0000000002b00000)]
=>0x0000000029b55800 JavaThread "main-FPSAWTAnimator#00-Timer0" [_thread_in_native, id=25116, stack(0x000000002fe50000,0x000000002ff50000)]
  0x0000000029b55000 JavaThread "Thread-3" [_thread_blocked, id=11776, stack(0x000000002fd50000,0x000000002fe50000)]
  0x0000000029b54000 JavaThread "HighResTimerThread" daemon [_thread_blocked, id=29080, stack(0x000000002aca0000,0x000000002ada0000)]
  0x0000000029a46000 JavaThread "main-SharedResourceRunner" daemon [_thread_blocked, id=6576, stack(0x000000002d370000,0x000000002d470000)]
  0x000000001fe6a000 JavaThread "main-Display-.windows_nil-1-EDT-1" daemon [_thread_blocked, id=28920, stack(0x000000002ce70000,0x000000002cf70000)]
  0x000000001fc22000 JavaThread "AWT-Windows" daemon [_thread_in_native, id=16256, stack(0x0000000020530000,0x0000000020630000)]
  0x000000001fc94000 JavaThread "Java2D Disposer" daemon [_thread_blocked, id=28980, stack(0x0000000020330000,0x0000000020430000)]
  0x000000001e69f800 JavaThread "Service Thread" daemon [_thread_blocked, id=5904, stack(0x000000001f7f0000,0x000000001f8f0000)]
  0x000000001e60d800 JavaThread "C1 CompilerThread3" daemon [_thread_blocked, id=21404, stack(0x000000001f6f0000,0x000000001f7f0000)]
  0x000000001e60c800 JavaThread "C2 CompilerThread2" daemon [_thread_blocked, id=24840, stack(0x000000001f5f0000,0x000000001f6f0000)]
  0x000000001e60c000 JavaThread "C2 CompilerThread1" daemon [_thread_blocked, id=18332, stack(0x000000001f4f0000,0x000000001f5f0000)]
  0x000000001e606000 JavaThread "C2 CompilerThread0" daemon [_thread_blocked, id=18608, stack(0x000000001f3f0000,0x000000001f4f0000)]
  0x000000001e602000 JavaThread "JDWP Command Reader" daemon [_thread_in_native, id=26532, stack(0x000000001f2f0000,0x000000001f3f0000)]
  0x000000001e5f3000 JavaThread "JDWP Event Helper Thread" daemon [_thread_blocked, id=7224, stack(0x000000001f1f0000,0x000000001f2f0000)]
  0x000000001e5e6000 JavaThread "JDWP Transport Listener: dt_socket" daemon [_thread_blocked, id=27892, stack(0x000000001f0f0000,0x000000001f1f0000)]
  0x000000001e5dc800 JavaThread "Attach Listener" daemon [_thread_blocked, id=23448, stack(0x000000001ecb0000,0x000000001edb0000)]
  0x000000001c6fe800 JavaThread "Signal Dispatcher" daemon [_thread_blocked, id=8752, stack(0x000000001ebb0000,0x000000001ecb0000)]
  0x000000001e5d0800 JavaThread "Finalizer" daemon [_thread_blocked, id=25452, stack(0x000000001e9b0000,0x000000001eab0000)]
  0x0000000002c2b000 JavaThread "Reference Handler" daemon [_thread_blocked, id=26484, stack(0x000000001e4b0000,0x000000001e5b0000)]

Other Threads:
  0x000000001c6e9000 VMThread [stack: 0x000000001e3b0000,0x000000001e4b0000] [id=25664]
  0x000000001e6b9000 WatcherThread [stack: 0x000000001f8f0000,0x000000001f9f0000] [id=19244]

VM state:not at safepoint (normal execution)

VM Mutex/Monitor currently owned by a thread: None

Heap:
 PSYoungGen      total 76288K, used 18757K [0x000000076ae00000, 0x0000000770300000, 0x00000007c0000000)
  eden space 65536K, 15% used [0x000000076ae00000,0x000000076b814500,0x000000076ee00000)
  from space 10752K, 78% used [0x000000076ee00000,0x000000076f63cfe0,0x000000076f880000)
  to   space 10752K, 0% used [0x000000076f880000,0x000000076f880000,0x0000000770300000)
 ParOldGen       total 175104K, used 24K [0x00000006c0a00000, 0x00000006cb500000, 0x000000076ae00000)
  object space 175104K, 0% used [0x00000006c0a00000,0x00000006c0a06000,0x00000006cb500000)
 Metaspace       used 18712K, capacity 18920K, committed 19328K, reserved 1067008K
  class space    used 1742K, capacity 1822K, committed 1920K, reserved 1048576K

Card table byte_map: [0x0000000011ff0000,0x00000000127f0000] byte_map_base: 0x000000000e9eb000

Marking Bits: (ParMarkBitMap*) 0x000000006d3208c0
 Begin Bits: [0x0000000013550000, 0x0000000017528000)
 End Bits:   [0x0000000017528000, 0x000000001b500000)

Polling page: 0x00000000009f0000

CodeCache: size=245760Kb used=6331Kb max_used=6331Kb free=239428Kb
 bounds [0x0000000002c30000, 0x0000000003270000, 0x0000000011c30000]
 total_blobs=2547 nmethods=1640 adapters=827
 compilation: enabled

Compilation events (10 events):
Event: 15.419 Thread 0x000000001e60c000 1636       4       java.lang.String::codePointAt (36 bytes)
Event: 15.420 Thread 0x000000001e60c000 nmethod 1636 0x0000000003248bd0 code [0x0000000003248d20, 0x0000000003248e58]
Event: 15.633 Thread 0x000000001e606000 1637       4       java.nio.DirectByteBuffer::get (16 bytes)
Event: 15.633 Thread 0x000000001e60d800 1638       3       com.haxademic.core.debug.DebugView::draw (774 bytes)
Event: 15.633 Thread 0x000000001e606000 nmethod 1637 0x0000000003248910 code [0x0000000003248a40, 0x0000000003248af8]
Event: 15.643 Thread 0x000000001e60d800 nmethod 1638 0x000000000324fa50 code [0x00000000032505c0, 0x0000000003259c58]
Event: 15.643 Thread 0x000000001e60d800 1639       3       com.haxademic.core.ui.UIControlPanel::update (76 bytes)
Event: 15.644 Thread 0x000000001e60d800 nmethod 1639 0x000000000324a750 code [0x000000000324a980, 0x000000000324b5b8]
Event: 15.644 Thread 0x000000001e60d800 1640       3       com.haxademic.core.app.PAppletHax::setAppDockIconAndTitle (157 bytes)
Event: 15.646 Thread 0x000000001e60d800 nmethod 1640 0x000000000325f510 code [0x000000000325fa00, 0x0000000003263048]

GC Heap History (2 events):
Event: 5.658 GC heap before
{Heap before GC invocations=1 (full 0):
 PSYoungGen      total 76288K, used 65536K [0x000000076ae00000, 0x0000000770300000, 0x00000007c0000000)
  eden space 65536K, 100% used [0x000000076ae00000,0x000000076ee00000,0x000000076ee00000)
  from space 10752K, 0% used [0x000000076f880000,0x000000076f880000,0x0000000770300000)
  to   space 10752K, 0% used [0x000000076ee00000,0x000000076ee00000,0x000000076f880000)
 ParOldGen       total 175104K, used 0K [0x00000006c0a00000, 0x00000006cb500000, 0x000000076ae00000)
  object space 175104K, 0% used [0x00000006c0a00000,0x00000006c0a00000,0x00000006cb500000)
 Metaspace       used 18195K, capacity 18376K, committed 18688K, reserved 1067008K
  class space    used 1733K, capacity 1790K, committed 1792K, reserved 1048576K
Event: 5.665 GC heap after
Heap after GC invocations=1 (full 0):
 PSYoungGen      total 76288K, used 8435K [0x000000076ae00000, 0x0000000770300000, 0x00000007c0000000)
  eden space 65536K, 0% used [0x000000076ae00000,0x000000076ae00000,0x000000076ee00000)
  from space 10752K, 78% used [0x000000076ee00000,0x000000076f63cfe0,0x000000076f880000)
  to   space 10752K, 0% used [0x000000076f880000,0x000000076f880000,0x0000000770300000)
 ParOldGen       total 175104K, used 24K [0x00000006c0a00000, 0x00000006cb500000, 0x000000076ae00000)
  object space 175104K, 0% used [0x00000006c0a00000,0x00000006c0a06000,0x00000006cb500000)
 Metaspace       used 18195K, capacity 18376K, committed 18688K, reserved 1067008K
  class space    used 1733K, capacity 1790K, committed 1792K, reserved 1048576K
}

Deoptimization events (9 events):
Event: 0.273 Thread 0x0000000002b35800 Uncommon trap: reason=unstable_if action=reinterpret pc=0x0000000002d49044 method=java.lang.String.hashCode()I @ 14
Event: 0.714 Thread 0x0000000002b35800 Uncommon trap: reason=unstable_if action=reinterpret pc=0x0000000002e17460 method=java.lang.String.indexOf([CII[CIII)I @ 3
Event: 1.007 Thread 0x0000000002b35800 Uncommon trap: reason=unstable_if action=reinterpret pc=0x0000000002e5cf80 method=java.lang.String.<init>([CII)V @ 18
Event: 1.439 Thread 0x0000000002b35800 Uncommon trap: reason=unstable_if action=reinterpret pc=0x0000000002e10b9c method=java.lang.String.startsWith(Ljava/lang/String;I)Z @ 25
Event: 2.181 Thread 0x0000000002b35800 Uncommon trap: reason=unstable_if action=reinterpret pc=0x0000000002fc8af4 method=java.lang.reflect.AccessibleObject.setAccessible0(Ljava/lang/reflect/AccessibleObject;Z)V @ 4
Event: 2.372 Thread 0x0000000029b55800 Uncommon trap: reason=unstable_if action=reinterpret pc=0x0000000002fb5fe0 method=java.lang.AbstractStringBuilder.append(I)Ljava/lang/AbstractStringBuilder; @ 16
Event: 2.426 Thread 0x0000000029b55800 Uncommon trap: reason=unstable_if action=reinterpret pc=0x0000000002ff122c method=com.jogamp.common.util.IntIntHashMap.get(I)I @ 28
Event: 5.651 Thread 0x0000000029cbd000 Uncommon trap: reason=unstable_if action=reinterpret pc=0x0000000002fdfe84 method=java.util.HashMap.putVal(ILjava/lang/Object;Ljava/lang/Object;ZZ)Ljava/lang/Object; @ 193
Event: 5.651 Thread 0x0000000029cbd000 Uncommon trap: reason=unstable_if action=reinterpret pc=0x0000000002fe4790 method=java.util.HashMap.putVal(ILjava/lang/Object;Ljava/lang/Object;ZZ)Ljava/lang/Object; @ 193

Classes redefined (0 events):
No events

Internal exceptions (10 events):
Event: 0.329 Thread 0x0000000002b35800 Exception <a 'java/security/PrivilegedActionException'> (0x000000076b2cd040) thrown at [C:\re\workspace\8-2-build-windows-amd64-cygwin\jdk8u171\10807\hotspot\src\share\vm\prims\jvm.cpp, line 1435]
Event: 0.332 Thread 0x0000000002b35800 Exception <a 'java/io/FileNotFoundException'> (0x000000076b2cf668) thrown at [C:\re\workspace\8-2-build-windows-amd64-cygwin\jdk8u171\10807\hotspot\src\share\vm\prims\jni.cpp, line 709]
Event: 0.365 Thread 0x0000000002b35800 Exception <a 'java/lang/NoSuchFieldError': method resolution failed> (0x000000076b39fc38) thrown at [C:\re\workspace\8-2-build-windows-amd64-cygwin\jdk8u171\10807\hotspot\src\share\vm\prims\methodHandles.cpp, line 1167]
Event: 0.369 Thread 0x0000000002b35800 Exception <a 'java/lang/NoSuchFieldError': method resolution failed> (0x000000076b3ad260) thrown at [C:\re\workspace\8-2-build-windows-amd64-cygwin\jdk8u171\10807\hotspot\src\share\vm\prims\methodHandles.cpp, line 1167]
Event: 0.419 Thread 0x0000000002b35800 Exception <a 'java/io/FileNotFoundException'> (0x000000076b451540) thrown at [C:\re\workspace\8-2-build-windows-amd64-cygwin\jdk8u171\10807\hotspot\src\share\vm\prims\jni.cpp, line 709]
Event: 0.576 Thread 0x0000000002b35800 Exception <a 'java/lang/ClassNotFoundException': sun/net/www/protocol/d/Handler> (0x000000076b46c990) thrown at [C:\re\workspace\8-2-build-windows-amd64-cygwin\jdk8u171\10807\hotspot\src\share\vm\classfile\systemDictionary.cpp, line 210]
Event: 0.582 Thread 0x0000000002b35800 Exception <a 'java/security/PrivilegedActionException'> (0x000000076b4a0e78) thrown at [C:\re\workspace\8-2-build-windows-amd64-cygwin\jdk8u171\10807\hotspot\src\share\vm\prims\jvm.cpp, line 1435]
Event: 0.583 Thread 0x0000000002b35800 Exception <a 'java/security/PrivilegedActionException'> (0x000000076b4a1088) thrown at [C:\re\workspace\8-2-build-windows-amd64-cygwin\jdk8u171\10807\hotspot\src\share\vm\prims\jvm.cpp, line 1435]
Event: 2.359 Thread 0x0000000029b4e000 Exception <a 'java/lang/ClassNotFoundException': sun/net/www/protocol/d/Handler> (0x000000076e7bd4a0) thrown at [C:\re\workspace\8-2-build-windows-amd64-cygwin\jdk8u171\10807\hotspot\src\share\vm\classfile\systemDictionary.cpp, line 210]
Event: 2.360 Thread 0x0000000029b4e000 Exception <a 'java/lang/ClassNotFoundException': sun/net/www/protocol/d/Handler> (0x000000076e7c6618) thrown at [C:\re\workspace\8-2-build-windows-amd64-cygwin\jdk8u171\10807\hotspot\src\share\vm\classfile\systemDictionary.cpp, line 210]

Events (10 events):
Event: 15.632 Thread 0x0000000029b55800 DEOPT PACKING pc=0x000000000312e76c sp=0x000000002ff4ec30
Event: 15.632 Thread 0x0000000029b55800 DEOPT UNPACKING pc=0x0000000002c77890 sp=0x000000002ff4e968 mode 1
Event: 15.648 Thread 0x0000000029b55800 DEOPT PACKING pc=0x00000000031bca51 sp=0x000000002ff4eba0
Event: 15.648 Thread 0x0000000029b55800 DEOPT UNPACKING pc=0x0000000002c77890 sp=0x000000002ff4e918 mode 1
Event: 15.648 Thread 0x0000000029b55800 DEOPT PACKING pc=0x000000000312e76c sp=0x000000002ff4ec30
Event: 15.648 Thread 0x0000000029b55800 DEOPT UNPACKING pc=0x0000000002c77890 sp=0x000000002ff4e968 mode 1
Event: 15.663 Thread 0x0000000029b55800 DEOPT PACKING pc=0x00000000031bca51 sp=0x000000002ff4eba0
Event: 15.663 Thread 0x0000000029b55800 DEOPT UNPACKING pc=0x0000000002c77890 sp=0x000000002ff4e918 mode 1
Event: 15.663 Thread 0x0000000029b55800 DEOPT PACKING pc=0x000000000312e76c sp=0x000000002ff4ec30
Event: 15.663 Thread 0x0000000029b55800 DEOPT UNPACKING pc=0x0000000002c77890 sp=0x000000002ff4e968 mode 1


Dynamic libraries:
0x00007ff6662a0000 - 0x00007ff6662d7000 	C:\Program Files\Java\jre1.8.0_171\bin\javaw.exe
0x00007fff56e80000 - 0x00007fff57070000 	C:\WINDOWS\SYSTEM32\ntdll.dll
0x00007fff559a0000 - 0x00007fff55a52000 	C:\WINDOWS\System32\KERNEL32.DLL
0x00007fff53e70000 - 0x00007fff54113000 	C:\WINDOWS\System32\KERNELBASE.dll
0x00007fff55b40000 - 0x00007fff55be3000 	C:\WINDOWS\System32\ADVAPI32.dll
0x00007fff565d0000 - 0x00007fff5666e000 	C:\WINDOWS\System32\msvcrt.dll
0x00007fff55220000 - 0x00007fff552b7000 	C:\WINDOWS\System32\sechost.dll
0x00007fff55510000 - 0x00007fff55630000 	C:\WINDOWS\System32\RPCRT4.dll
0x00007fff55370000 - 0x00007fff55503000 	C:\WINDOWS\System32\USER32.dll
0x00007fff543a0000 - 0x00007fff543c1000 	C:\WINDOWS\System32\win32u.dll
0x00007fff56060000 - 0x00007fff56086000 	C:\WINDOWS\System32\GDI32.dll
0x00007fff54200000 - 0x00007fff54394000 	C:\WINDOWS\System32\gdi32full.dll
0x00007fff544d0000 - 0x00007fff5456e000 	C:\WINDOWS\System32\msvcp_win.dll
0x00007fff543d0000 - 0x00007fff544ca000 	C:\WINDOWS\System32\ucrtbase.dll
0x00007fff3e3b0000 - 0x00007fff3e635000 	C:\WINDOWS\WinSxS\amd64_microsoft.windows.common-controls_6595b64144ccf1df_6.0.18362.295_none_e6c3acbd13101292\COMCTL32.dll
0x00007fff56200000 - 0x00007fff56536000 	C:\WINDOWS\System32\combase.dll
0x00007fff546c0000 - 0x00007fff54740000 	C:\WINDOWS\System32\bcryptPrimitives.dll
0x00007fff557e0000 - 0x00007fff5580e000 	C:\WINDOWS\System32\IMM32.DLL
0x000000006c510000 - 0x000000006c5e2000 	C:\Program Files\Java\jre1.8.0_171\bin\msvcr100.dll
0x000000006cb00000 - 0x000000006d3a0000 	C:\Program Files\Java\jre1.8.0_171\bin\server\jvm.dll
0x00007fff55000000 - 0x00007fff55008000 	C:\WINDOWS\System32\PSAPI.DLL
0x00007fff4a9f0000 - 0x00007fff4aa14000 	C:\WINDOWS\SYSTEM32\WINMM.dll
0x00007fff47300000 - 0x00007fff47309000 	C:\WINDOWS\SYSTEM32\WSOCK32.dll
0x00007fff4e150000 - 0x00007fff4e15a000 	C:\WINDOWS\SYSTEM32\VERSION.dll
0x00007fff56d60000 - 0x00007fff56dcf000 	C:\WINDOWS\System32\WS2_32.dll
0x00007fff4a7b0000 - 0x00007fff4a7dd000 	C:\WINDOWS\SYSTEM32\WINMMBASE.dll
0x00007fff54ec0000 - 0x00007fff54f0a000 	C:\WINDOWS\System32\cfgmgr32.dll
0x000000006ca10000 - 0x000000006ca1f000 	C:\Program Files\Java\jre1.8.0_171\bin\verify.dll
0x000000006c9e0000 - 0x000000006ca09000 	C:\Program Files\Java\jre1.8.0_171\bin\java.dll
0x000000006c4d0000 - 0x000000006c505000 	C:\Program Files\Java\jre1.8.0_171\bin\jdwp.dll
0x000000006c4c0000 - 0x000000006c4c8000 	C:\Program Files\Java\jre1.8.0_171\bin\npt.dll
0x000000006c9c0000 - 0x000000006c9d6000 	C:\Program Files\Java\jre1.8.0_171\bin\zip.dll
0x00007fff56670000 - 0x00007fff56d52000 	C:\WINDOWS\System32\SHELL32.dll
0x00007fff552c0000 - 0x00007fff55369000 	C:\WINDOWS\System32\shcore.dll
0x00007fff54740000 - 0x00007fff54ebc000 	C:\WINDOWS\System32\windows.storage.dll
0x00007fff53da0000 - 0x00007fff53dbf000 	C:\WINDOWS\System32\profapi.dll
0x00007fff53dc0000 - 0x00007fff53e0a000 	C:\WINDOWS\System32\powrprof.dll
0x00007fff53d50000 - 0x00007fff53d60000 	C:\WINDOWS\System32\UMPDC.dll
0x00007fff561a0000 - 0x00007fff561f2000 	C:\WINDOWS\System32\shlwapi.dll
0x00007fff53d60000 - 0x00007fff53d71000 	C:\WINDOWS\System32\kernel.appcore.dll
0x00007fff54f10000 - 0x00007fff54f27000 	C:\WINDOWS\System32\cryptsp.dll
0x000000006c4b0000 - 0x000000006c4b9000 	C:\Program Files\Java\jre1.8.0_171\bin\dt_socket.dll
0x00007fff44c30000 - 0x00007fff44c46000 	C:\WINDOWS\system32\napinsp.dll
0x00007fff44c10000 - 0x00007fff44c2a000 	C:\WINDOWS\system32\pnrpnsp.dll
0x00007fff535c0000 - 0x00007fff53627000 	C:\WINDOWS\System32\mswsock.dll
0x00007fff53310000 - 0x00007fff533da000 	C:\WINDOWS\SYSTEM32\DNSAPI.dll
0x00007fff56540000 - 0x00007fff56548000 	C:\WINDOWS\System32\NSI.dll
0x00007fff532d0000 - 0x00007fff5330a000 	C:\WINDOWS\SYSTEM32\IPHLPAPI.DLL
0x00007fff44c00000 - 0x00007fff44c0e000 	C:\WINDOWS\System32\winrnr.dll
0x00007fff4d710000 - 0x00007fff4d72c000 	C:\WINDOWS\system32\NLAapi.dll
0x00007fff4fc20000 - 0x00007fff4fc35000 	C:\WINDOWS\system32\wshbth.dll
0x00007fff4bf20000 - 0x00007fff4bf97000 	C:\WINDOWS\System32\fwpuclnt.dll
0x00007fff541d0000 - 0x00007fff541f6000 	C:\WINDOWS\System32\bcrypt.dll
0x00007fff49fe0000 - 0x00007fff49fea000 	C:\Windows\System32\rasadhlp.dll
0x000000006c7e0000 - 0x000000006c978000 	C:\Program Files\Java\jre1.8.0_171\bin\awt.dll
0x00007fff54f30000 - 0x00007fff54ff4000 	C:\WINDOWS\System32\OLEAUT32.dll
0x00007fff51690000 - 0x00007fff5171f000 	C:\WINDOWS\SYSTEM32\apphelp.dll
0x00007fff51b20000 - 0x00007fff51bb9000 	C:\WINDOWS\system32\uxtheme.dll
0x00007fff55010000 - 0x00007fff55146000 	C:\WINDOWS\System32\MSCTF.dll
0x00007fff55810000 - 0x00007fff55966000 	C:\WINDOWS\System32\ole32.dll
0x00007fff52100000 - 0x00007fff5212d000 	C:\WINDOWS\system32\DWMAPI.DLL
0x00007fff19d50000 - 0x00007fff19e9f000 	C:\WINDOWS\system32\opengl32.dll
0x00007fff4e220000 - 0x00007fff4e24c000 	C:\WINDOWS\SYSTEM32\GLU32.dll
0x00007fff529a0000 - 0x00007fff529c0000 	C:\WINDOWS\SYSTEM32\dxcore.dll
0x00007fff31670000 - 0x00007fff31836000 	C:\WINDOWS\system32\d3d9.dll
0x00007fff3c310000 - 0x00007fff3c3fe000 	C:\WINDOWS\System32\DriverStore\FileRepository\nvami.inf_amd64_1fad1712b0376c4a\nvldumdx.dll
0x00007fff54570000 - 0x00007fff546b9000 	C:\WINDOWS\System32\crypt32.dll
0x00007fff53d80000 - 0x00007fff53d92000 	C:\WINDOWS\System32\MSASN1.dll
0x00007fff53e10000 - 0x00007fff53e6c000 	C:\WINDOWS\System32\WINTRUST.DLL
0x00007fff55970000 - 0x00007fff5598d000 	C:\WINDOWS\System32\imagehlp.dll
0x00007fff53130000 - 0x00007fff53163000 	C:\WINDOWS\system32\rsaenh.dll
0x00007fff53790000 - 0x00007fff5379c000 	C:\WINDOWS\SYSTEM32\CRYPTBASE.dll
0x00007fff10050000 - 0x00007fff1148c000 	C:\WINDOWS\System32\DriverStore\FileRepository\nvami.inf_amd64_1fad1712b0376c4a\nvd3dumx.dll
0x00007fff36630000 - 0x00007fff366f4000 	C:\Program Files (x86)\NVIDIA Corporation\3D Vision\nvSCPAPI64.dll
0x00007fff55bf0000 - 0x00007fff56060000 	C:\WINDOWS\System32\SETUPAPI.dll
0x00007fff52950000 - 0x00007fff52972000 	C:\WINDOWS\SYSTEM32\gpapi.dll
0x00007fff4c360000 - 0x00007fff4c38f000 	C:\WINDOWS\SYSTEM32\cryptnet.dll
0x00007fff53c40000 - 0x00007fff53c65000 	C:\WINDOWS\SYSTEM32\USERENV.dll
0x000000006c9a0000 - 0x000000006c9ba000 	C:\Program Files\Java\jre1.8.0_171\bin\net.dll
0x00007fff4c340000 - 0x00007fff4c356000 	C:\WINDOWS\SYSTEM32\dhcpcsvc6.DLL
0x00007fff4eac0000 - 0x00007fff4eadc000 	C:\WINDOWS\SYSTEM32\dhcpcsvc.DLL
0x000000006c980000 - 0x000000006c991000 	C:\Program Files\Java\jre1.8.0_171\bin\nio.dll
0x00000000637c0000 - 0x00000000637cd000 	C:\Users\Fikes\AppData\Local\Temp\jogamp_0000\file_cache\jln4552025742930817144\jln7580885607073644224\natives\windows-amd64\gluegen-rt.dll
0x000000006c4a0000 - 0x000000006c4a7000 	C:\Program Files\Java\jre1.8.0_171\bin\jawt.dll
0x000000006a440000 - 0x000000006a44d000 	C:\Users\Fikes\AppData\Local\Temp\jogamp_0000\file_cache\jln4552025742930817144\jln7580885607073644224\natives\windows-amd64\nativewindow_awt.dll
0x000000006c100000 - 0x000000006c10f000 	C:\Users\Fikes\AppData\Local\Temp\jogamp_0000\file_cache\jln4552025742930817144\jln7580885607073644224\natives\windows-amd64\nativewindow_win32.dll
0x000000002cd50000 - 0x000000002cd63000 	C:\Users\Fikes\AppData\Local\Temp\jogamp_0000\file_cache\jln4552025742930817144\jln7580885607073644224\natives\windows-amd64\newt.dll
0x00007fff4f220000 - 0x00007fff4f2ce000 	C:\WINDOWS\SYSTEM32\mscms.dll
0x00007fff4f1a0000 - 0x00007fff4f1b7000 	C:\WINDOWS\SYSTEM32\ColorAdapterClient.dll
0x00007ffee2f50000 - 0x00007ffee2f93000 	C:\WINDOWS\SYSTEM32\icm32.dll
0x00007fff53b50000 - 0x00007fff53b7a000 	C:\WINDOWS\SYSTEM32\DEVOBJ.dll
0x0000000064500000 - 0x00000000645b1000 	C:\Users\Fikes\AppData\Local\Temp\jogamp_0000\file_cache\jln4552025742930817144\jln7580885607073644224\natives\windows-amd64\jogl_desktop.dll
0x0000000064340000 - 0x00000000643a2000 	C:\Users\Fikes\AppData\Local\Temp\jogamp_0000\file_cache\jln4552025742930817144\jln7580885607073644224\natives\windows-amd64\jogl_mobile.dll
0x000000002d580000 - 0x000000002fc42000 	C:\WINDOWS\System32\DriverStore\FileRepository\nvami.inf_amd64_1fad1712b0376c4a\nvoglv64.dll
0x00007fff52840000 - 0x00007fff52853000 	C:\WINDOWS\SYSTEM32\WTSAPI32.dll
0x00007fff52d90000 - 0x00007fff52dc1000 	C:\WINDOWS\SYSTEM32\ntmarta.dll
0x00007fff52e00000 - 0x00007fff52e5c000 	C:\WINDOWS\SYSTEM32\WINSTA.dll
0x00007fff43110000 - 0x00007fff431ae000 	C:\WINDOWS\System32\TextInputFramework.dll
0x00007fff46a20000 - 0x00007fff46d4a000 	C:\WINDOWS\System32\CoreUIComponents.dll
0x00007fff513b0000 - 0x00007fff51484000 	C:\WINDOWS\System32\CoreMessaging.dll
0x00007fff4f560000 - 0x00007fff4f6b3000 	C:\WINDOWS\SYSTEM32\wintypes.dll
0x00007fff3fc00000 - 0x00007fff3fea6000 	C:\WINDOWS\System32\iertutil.dll
0x000000006c790000 - 0x000000006c7d7000 	C:\Program Files\Java\jre1.8.0_171\bin\fontmanager.dll
0x000000006c740000 - 0x000000006c782000 	C:\Program Files\Java\jre1.8.0_171\bin\t2k.dll
0x00007fff34750000 - 0x00007fff34799000 	D:\Resources\Libraries\haxademic\lib\spout\library\JNISpout_64.dll
0x00007fff506d0000 - 0x00007fff5092b000 	C:\WINDOWS\SYSTEM32\d3d11.dll
0x00007fff52a30000 - 0x00007fff52b1a000 	C:\WINDOWS\SYSTEM32\dxgi.dll
0x00007fff1b430000 - 0x00007fff1d872000 	C:\WINDOWS\System32\DriverStore\FileRepository\nvami.inf_amd64_1fad1712b0376c4a\nvwgf2umx.dll
0x00007fff36130000 - 0x00007fff36630000 	C:\WINDOWS\system32\nvapi64.dll
0x00007fff52640000 - 0x00007fff52834000 	C:\WINDOWS\SYSTEM32\dbghelp.dll

VM Arguments:
jvm_args: -agentlib:jdwp=transport=dt_socket,suspend=y,address=localhost:51669 -Djava.library.path=D:\Resources\Libraries\haxademic\lib\jinput\native;D:\Resources\Libraries\haxademic\lib\KinectPV2\library;D:\Resources\Libraries\haxademic\lib\LeapMotionForProcessing\library\macosx;D:\Resources\Libraries\haxademic\lib\processing-3\libraries\serial\library\windows64;D:\Resources\Libraries\haxademic\lib\processing-3\libraries\sound\library\macosx;D:\Resources\Libraries\haxademic\lib\RealSenseProcessing\library\native\windows-x64;D:\Resources\Libraries\haxademic\lib\spout\library -Dfile.encoding=Cp1252 
java_command: com.haxademic.sketch.robbie.Unity.UnityProcessingDemo
java_class_path (initial): C:\Program Files\Java\jre1.8.0_171\lib\resources.jar;C:\Program Files\Java\jre1.8.0_171\lib\rt.jar;C:\Program Files\Java\jre1.8.0_171\lib\jsse.jar;C:\Program Files\Java\jre1.8.0_171\lib\jce.jar;C:\Program Files\Java\jre1.8.0_171\lib\charsets.jar;C:\Program Files\Java\jre1.8.0_171\lib\jfr.jar;C:\Program Files\Java\jre1.8.0_171\lib\ext\access-bridge-64.jar;C:\Program Files\Java\jre1.8.0_171\lib\ext\cldrdata.jar;C:\Program Files\Java\jre1.8.0_171\lib\ext\dnsns.jar;C:\Program Files\Java\jre1.8.0_171\lib\ext\dns_sd.jar;C:\Program Files\Java\jre1.8.0_171\lib\ext\jaccess.jar;C:\Program Files\Java\jre1.8.0_171\lib\ext\jfxrt.jar;C:\Program Files\Java\jre1.8.0_171\lib\ext\localedata.jar;C:\Program Files\Java\jre1.8.0_171\lib\ext\nashorn.jar;C:\Program Files\Java\jre1.8.0_171\lib\ext\sunec.jar;C:\Program Files\Java\jre1.8.0_171\lib\ext\sunjce_provider.jar;C:\Program Files\Java\jre1.8.0_171\lib\ext\sunmscapi.jar;C:\Program Files\Java\jre1.8.0_171\lib\ext\sunpkcs11.jar;C:\Program Files\Java\jre1.8.0_171\lib\ext\zipfs.jar;D:\Resources\Libraries\haxademic\bin;D:\Resources\Libraries\haxademic\lib\beads\library\beads.jar;D:\Resources\Libraries\haxademic\lib\beads\library\jarjar-1.0.jar;D:\Resources\Libraries\haxademic\lib\beads\library\jl1.0.1.jar;D:\Resources\Libraries\haxademic\lib\beads\library\org-jaudiolibs-audioservers-jack.jar;D:\Resources\Libraries\haxademic\lib\beads\library\org-jaudiolibs-audioservers-javasound.jar;D:\Resources\Libraries\haxademic\lib\beads\library\org-jaudiolibs-audioservers.jar;D:\Resources\Libraries\haxademic\lib\beads\library\org-jaudiolibs-jnajack.jar;D:\Resources\Libraries\haxademic\lib\beads\library\tools.jar;D:\Resources\Libraries\haxademic\lib\beads\library\mp3spi1.9.4.jar;D:\Resources\Libraries\haxademic\lib\beads\library\tritonus_aos-0.3.6.jar;D:\Resources\Libraries\haxademic\lib\beads\library\tritonus_share.jar;D:\Resources\Libraries\haxademic\lib\blobDetection\library\blobDetection.jar;D:\Resources\Libraries\haxade
Launcher Type: SUN_STANDARD

Environment Variables:
PATH=C:/Program Files/Java/jre1.8.0_171/bin/server;C:/Program Files/Java/jre1.8.0_171/bin;C:/Program Files/Java/jre1.8.0_171/lib/amd64;C:\Program Files (x86)\Common Files\Intel\Shared Libraries\redist\intel64_win\compiler;C:\Program Files (x86)\Common Files\Intel\Shared Libraries\redist\intel64\compiler;C:\Program Files (x86)\Common Files\Oracle\Java\javapath;C:\Program Files (x86)\Intel\iCLS Client\;C:\Program Files\Intel\iCLS Client\;C:\Windows\system32;C:\Windows;C:\Windows\System32\Wbem;C:\Windows\System32\WindowsPowerShell\v1.0\;C:\Program Files (x86)\Intel\Intel(R) Management Engine Components\DAL;C:\Program Files\Intel\Intel(R) Management Engine Components\DAL;C:\Program Files (x86)\Intel\Intel(R) Management Engine Components\IPT;C:\Program Files\Intel\Intel(R) Management Engine Components\IPT;C:\Program Files (x86)\NVIDIA Corporation\PhysX\Common;C:\Program Files\Intel\WiFi\bin\;C:\Program Files\Common Files\Intel\WirelessCommon\;C:\Program Files\Git\cmd;C:\Program Files\nodejs\;C:\WINDOWS\system32;C:\WINDOWS;C:\WINDOWS\System32\Wbem;C:\WINDOWS\System32\WindowsPowerShell\v1.0\;C:\WINDOWS\System32\OpenSSH\;C:\WINDOWS\system32;C:\WINDOWS;C:\WINDOWS\System32\Wbem;C:\WINDOWS\System32\WindowsPowerShell\v1.0\;C:\WINDOWS\System32\OpenSSH\;C:\Program Files\dotnet\;C:\Program Files (x86)\GtkSharp\2.12\bin;C:\Users\Fikes\AppData\Local\Microsoft\WindowsApps;C:\Users\Fikes\AppData\Roaming\npm;C:\Users\Fikes\AppData\Local\GitHubDesktop\bin;C:\Users\Fikes\AppData\Local\atom\bin;%USERPROFILE%\AppData\Local\Microsoft\WindowsApps;;C:\WINDOWS\system32;
USERNAME=Fikes
OS=Windows_NT
PROCESSOR_IDENTIFIER=Intel64 Family 6 Model 158 Stepping 9, GenuineIntel



---------------  S Y S T E M  ---------------

OS: Windows 10.0 , 64 bit Build 18362 (10.0.18362.86)

CPU:total 8 (initial active 8) (4 cores per cpu, 2 threads per core) family 6 model 158 stepping 9, cmov, cx8, fxsr, mmx, sse, sse2, sse3, ssse3, sse4.1, sse4.2, popcnt, avx, avx2, aes, clmul, erms, 3dnowpref, lzcnt, ht, tsc, tscinvbit, bmi1, bmi2, adx

Memory: 4k page, physical 16734580k(7776448k free), swap 48191860k(28737836k free)

vm_info: Java HotSpot(TM) 64-Bit Server VM (25.171-b11) for windows-amd64 JRE (1.8.0_171-b11), built on Mar 28 2018 16:06:12 by "java_re" with MS VC++ 10.0 (VS2010)

time: Fri Aug 16 22:51:08 2019
elapsed time: 15 seconds (0d 0h 0m 15s)

