#
# A fatal error has been detected by the Java Runtime Environment:
#
#  EXCEPTION_ACCESS_VIOLATION (0xc0000005) at pc=0x00007fff34758fe0, pid=25776, tid=0x00000000000072e8
#
# JRE version: Java(TM) SE Runtime Environment (8.0_171-b11) (build 1.8.0_171-b11)
# Java VM: Java HotSpot(TM) 64-Bit Server VM (25.171-b11 mixed mode windows-amd64 compressed oops)
# Problematic frame:
# C  [JNISpout_64.dll+0x8fe0]
#
# Failed to write core dump. Minidumps are not enabled by default on client versions of Windows
#
# If you would like to submit a bug report, please visit:
#   http://bugreport.java.com/bugreport/crash.jsp
# The crash happened outside the Java Virtual Machine in native code.
# See problematic frame for where to report the bug.
#

---------------  T H R E A D  ---------------

Current thread (0x000000002044d000):  JavaThread "main-FPSAWTAnimator#00-Timer0" [_thread_in_native, id=29416, stack(0x0000000030070000,0x0000000030170000)]

siginfo: ExceptionCode=0xc0000005, reading address 0x0000000000000280

Registers:
RAX=0x0000000000020000, RBX=0x0000000000000000, RCX=0x0000000000000000, RDX=0x0000000000000000
RSP=0x000000003016e310, RBP=0x0000000000000000, RSI=0x0000000000000000, RDI=0x0000000002f883fd
R8 =0x0000000000000000, R9 =0x00000000000000d1, R10=0x0000000002fa1dc4, R11=0x000000006cd2c460
R12=0x0000000000000000, R13=0x00000000352d4730, R14=0x000000003016e438, R15=0x000000002044d000
RIP=0x00007fff34758fe0, EFLAGS=0x0000000000010246

Top of Stack: (sp=0x000000003016e310)
0x000000003016e310:   00000000352d20d8 000000001e921a30
0x000000003016e320:   0000000029d78e00 000000006cbcd6cb
0x000000003016e330:   000000003016e410 00007fff3475e877
0x000000003016e340:   000000076ee286e8 0000000002f883fd
0x000000003016e350:   0000000000000000 000000003016e380
0x000000003016e360:   0000000002f883fd 00007fff34764913
0x000000003016e370:   0000000000000000 000000076ee286e8
0x000000003016e380:   0000000002fb4723 0000000002f856d0
0x000000003016e390:   00000000352d4730 0000000002fa1df0
0x000000003016e3a0:   00000000352d2100 000000006cc2d0c4
0x000000003016e3b0:   00000000000000b6 00000000352bd3e0
0x000000003016e3c0:   000000002044d000 00000000352d2100
0x000000003016e3d0:   000000003016e3d0 0000000000000000
0x000000003016e3e0:   000000003016e438 00000000352d4dc0
0x000000003016e3f0:   0000000000000000 00000000352d4730
0x000000003016e400:   0000000000000000 000000003016e430 

Instructions: (pc=0x00007fff34758fe0)
0x00007fff34758fc0:   8b d9 0f b6 f2 ff 15 8d 64 02 00 33 ed 48 85 c0
0x00007fff34758fd0:   0f 84 d5 00 00 00 48 89 7c 24 38 40 84 f6 75 25
0x00007fff34758fe0:   48 8b 8b 80 02 00 00 48 85 c9 74 19 48 8b 93 88
0x00007fff34758ff0:   02 00 00 48 85 d2 74 0d ff 15 52 87 03 00 48 89 


Register to memory mapping:

RAX=0x0000000000020000 is an unknown value
RBX=0x0000000000000000 is an unknown value
RCX=0x0000000000000000 is an unknown value
RDX=0x0000000000000000 is an unknown value
RSP=0x000000003016e310 is pointing into the stack for thread: 0x000000002044d000
RBP=0x0000000000000000 is an unknown value
RSI=0x0000000000000000 is an unknown value
RDI=0x0000000002f883fd is at code_begin+2301 in an Interpreter codelet
invoke return entry points  [0x0000000002f87b00, 0x0000000002f884e0]  2528 bytes
R8 =0x0000000000000000 is an unknown value
R9 =0x00000000000000d1 is an unknown value
R10=0x0000000002fa1dc4 is at code_begin+1700 in an Interpreter codelet
method entry point (kind = native)  [0x0000000002fa1720, 0x0000000002fa27e0]  4288 bytes
R11=0x000000006cd2c460 is an unknown value
R12=0x0000000000000000 is an unknown value
R13={method} {0x00000000352d4738} 'releaseReceiver' '(J)Z' in 'spout/JNISpout'
R14=0x000000003016e438 is pointing into the stack for thread: 0x000000002044d000
R15=0x000000002044d000 is a thread


Stack: [0x0000000030070000,0x0000000030170000],  sp=0x000000003016e310,  free space=1016k
Native frames: (J=compiled Java code, j=interpreted, Vv=VM code, C=native code)

Java frames: (J=compiled Java code, j=interpreted, Vv=VM code)
j  spout.JNISpout.releaseReceiver(J)Z+0
j  spout.Spout.closeReceiver()V+4
j  com.haxademic.sketch.robbie.Unity.UnitySpout.releaseSpout()V+32
J 1674 C1 com.haxademic.sketch.robbie.Unity.UnitySocketServer.checkIn()V (49 bytes) @ 0x00000000035c4b84 [0x00000000035c49a0+0x1e4]
J 1527 C1 com.haxademic.sketch.robbie.Unity.UnitySocketServer.draw(I)V (75 bytes) @ 0x0000000003516ee4 [0x0000000003516c00+0x2e4]
J 1021 C1 com.haxademic.sketch.robbie.Unity.UnitySocketServer.updatedNumber(Ljava/lang/String;Ljava/lang/Number;)V (35 bytes) @ 0x00000000033a9c2c [0x00000000033a9800+0x42c]
J 1201 C1 com.haxademic.core.data.store.AppStore.setNumber(Ljava/lang/String;Ljava/lang/Number;)V (52 bytes) @ 0x000000000340c0cc [0x000000000340bb20+0x5ac]
J 1758 C1 com.haxademic.sketch.robbie.Unity.UnityProcessingDemo.drawApp()V (106 bytes) @ 0x000000000360a624 [0x00000000036093c0+0x1264]
J 1360 C1 com.haxademic.core.app.PAppletHax.draw()V (228 bytes) @ 0x00000000034915f4 [0x0000000003490c20+0x9d4]
J 1354 C1 processing.core.PApplet.handleDraw()V (253 bytes) @ 0x000000000347e4f4 [0x000000000347d9e0+0xb14]
J 1580 C1 processing.opengl.PSurfaceJOGL$DrawListener.display(Lcom/jogamp/opengl/GLAutoDrawable;)V (220 bytes) @ 0x0000000003553d34 [0x00000000035535a0+0x794]
J 1579 C1 jogamp.opengl.GLDrawableHelper.displayImpl(Lcom/jogamp/opengl/GLAutoDrawable;)V (86 bytes) @ 0x000000000354dbcc [0x000000000354d280+0x94c]
J 1353 C1 jogamp.opengl.GLAutoDrawableBase$2.run()V (73 bytes) @ 0x000000000347d094 [0x000000000347cca0+0x3f4]
J 1578 C1 jogamp.opengl.GLDrawableHelper.invokeGLImpl(Lcom/jogamp/opengl/GLDrawable;Lcom/jogamp/opengl/GLContext;Ljava/lang/Runnable;Ljava/lang/Runnable;)V (579 bytes) @ 0x00000000035500ec [0x000000000354f220+0xecc]
J 1683 C1 jogamp.opengl.GLDrawableHelper.invokeGL(Lcom/jogamp/opengl/GLDrawable;Lcom/jogamp/opengl/GLContext;Ljava/lang/Runnable;Ljava/lang/Runnable;)V (76 bytes) @ 0x00000000035c62fc [0x00000000035c6200+0xfc]
J 1566 C1 com.jogamp.newt.opengl.GLWindow.display()V (144 bytes) @ 0x000000000353c6f4 [0x000000000353bdc0+0x934]
J 1565 C1 com.jogamp.opengl.util.AWTAnimatorImpl.display(Ljava/util/ArrayList;ZZ)V (170 bytes) @ 0x0000000003534d7c [0x0000000003534680+0x6fc]
J 1563 C1 com.jogamp.opengl.util.FPSAnimator$MainTask.run()V (805 bytes) @ 0x0000000003537c1c [0x0000000003536e80+0xd9c]
j  java.util.TimerThread.mainLoop()V+221
j  java.util.TimerThread.run()V+1
v  ~StubRoutines::call_stub

---------------  P R O C E S S  ---------------

Java Threads: ( => current thread )
  0x000000002a081800 JavaThread "WebSocketTimer" [_thread_blocked, id=6388, stack(0x0000000035570000,0x0000000035670000)]
  0x000000002a082800 JavaThread "WebSocketSelector-39" [_thread_in_native, id=27864, stack(0x0000000035180000,0x0000000035280000)]
  0x000000002a084800 JavaThread "Thread-15" [_thread_in_native, id=24024, stack(0x0000000035080000,0x0000000035180000)]
  0x000000002a07d000 JavaThread "WebSocketWorker-37" [_thread_blocked, id=20692, stack(0x0000000034f80000,0x0000000035080000)]
  0x000000002a084000 JavaThread "WebSocketWorker-36" [_thread_blocked, id=25924, stack(0x0000000034e80000,0x0000000034f80000)]
  0x000000002a081000 JavaThread "WebSocketWorker-35" [_thread_blocked, id=7680, stack(0x0000000034d80000,0x0000000034e80000)]
  0x000000002a07e800 JavaThread "WebSocketWorker-34" [_thread_blocked, id=24508, stack(0x0000000034c80000,0x0000000034d80000)]
  0x000000002a080000 JavaThread "WebSocketWorker-33" [_thread_blocked, id=18320, stack(0x0000000034b80000,0x0000000034c80000)]
  0x000000002044e000 JavaThread "WebSocketWorker-32" [_thread_blocked, id=26784, stack(0x0000000034a80000,0x0000000034b80000)]
  0x000000002044b800 JavaThread "WebSocketWorker-31" [_thread_blocked, id=7720, stack(0x0000000034980000,0x0000000034a80000)]
  0x000000002044b000 JavaThread "WebSocketWorker-29" [_thread_blocked, id=8308, stack(0x0000000034880000,0x0000000034980000)]
  0x0000000020451000 JavaThread "DestroyJavaVM" [_thread_blocked, id=9692, stack(0x0000000002d80000,0x0000000002e80000)]
=>0x000000002044d000 JavaThread "main-FPSAWTAnimator#00-Timer0" [_thread_in_native, id=29416, stack(0x0000000030070000,0x0000000030170000)]
  0x0000000020450000 JavaThread "Thread-3" [_thread_blocked, id=9924, stack(0x000000002aee0000,0x000000002afe0000)]
  0x000000002044c800 JavaThread "HighResTimerThread" daemon [_thread_blocked, id=5068, stack(0x0000000020780000,0x0000000020880000)]
  0x000000002044f800 JavaThread "main-SharedResourceRunner" daemon [_thread_blocked, id=1676, stack(0x000000002d590000,0x000000002d690000)]
  0x000000002044e800 JavaThread "main-Display-.windows_nil-1-EDT-1" daemon [_thread_blocked, id=992, stack(0x000000002d090000,0x000000002d190000)]
  0x000000001ff83800 JavaThread "AWT-Windows" daemon [_thread_in_native, id=9676, stack(0x0000000020880000,0x0000000020980000)]
  0x000000001ff81800 JavaThread "Java2D Disposer" daemon [_thread_blocked, id=17204, stack(0x0000000020680000,0x0000000020780000)]
  0x000000001e9f8800 JavaThread "Service Thread" daemon [_thread_blocked, id=27004, stack(0x000000001fb40000,0x000000001fc40000)]
  0x000000001e95f800 JavaThread "C1 CompilerThread3" daemon [_thread_blocked, id=15480, stack(0x000000001fa40000,0x000000001fb40000)]
  0x000000001e95e800 JavaThread "C2 CompilerThread2" daemon [_thread_blocked, id=28652, stack(0x000000001f940000,0x000000001fa40000)]
  0x000000001e95e000 JavaThread "C2 CompilerThread1" daemon [_thread_blocked, id=5072, stack(0x000000001f840000,0x000000001f940000)]
  0x000000001e958800 JavaThread "C2 CompilerThread0" daemon [_thread_blocked, id=7412, stack(0x000000001f740000,0x000000001f840000)]
  0x000000001e94a800 JavaThread "JDWP Command Reader" daemon [_thread_in_native, id=28560, stack(0x000000001f640000,0x000000001f740000)]
  0x000000001e945000 JavaThread "JDWP Event Helper Thread" daemon [_thread_blocked, id=25148, stack(0x000000001f540000,0x000000001f640000)]
  0x000000001e938000 JavaThread "JDWP Transport Listener: dt_socket" daemon [_thread_blocked, id=24600, stack(0x000000001f440000,0x000000001f540000)]
  0x000000001e92e800 JavaThread "Attach Listener" daemon [_thread_blocked, id=11116, stack(0x000000001f000000,0x000000001f100000)]
  0x000000001ca4e800 JavaThread "Signal Dispatcher" daemon [_thread_blocked, id=25812, stack(0x000000001ef00000,0x000000001f000000)]
  0x000000001e920800 JavaThread "Finalizer" daemon [_thread_blocked, id=24008, stack(0x000000001ed00000,0x000000001ee00000)]
  0x0000000002f7b000 JavaThread "Reference Handler" daemon [_thread_blocked, id=26416, stack(0x000000001e800000,0x000000001e900000)]

Other Threads:
  0x000000001ca39000 VMThread [stack: 0x000000001e700000,0x000000001e800000] [id=27552]
  0x000000001ea09800 WatcherThread [stack: 0x000000001fc40000,0x000000001fd40000] [id=25160]

VM state:not at safepoint (normal execution)

VM Mutex/Monitor currently owned by a thread: None

Heap:
 PSYoungGen      total 76288K, used 21522K [0x000000076ae00000, 0x0000000770300000, 0x00000007c0000000)
  eden space 65536K, 19% used [0x000000076ae00000,0x000000076bac9518,0x000000076ee00000)
  from space 10752K, 78% used [0x000000076ee00000,0x000000076f63b400,0x000000076f880000)
  to   space 10752K, 0% used [0x000000076f880000,0x000000076f880000,0x0000000770300000)
 ParOldGen       total 175104K, used 24K [0x00000006c0a00000, 0x00000006cb500000, 0x000000076ae00000)
  object space 175104K, 0% used [0x00000006c0a00000,0x00000006c0a06000,0x00000006cb500000)
 Metaspace       used 18837K, capacity 18984K, committed 19328K, reserved 1067008K
  class space    used 1743K, capacity 1822K, committed 1920K, reserved 1048576K

Card table byte_map: [0x0000000012340000,0x0000000012b40000] byte_map_base: 0x000000000ed3b000

Marking Bits: (ParMarkBitMap*) 0x000000006d3208c0
 Begin Bits: [0x00000000138a0000, 0x0000000017878000)
 End Bits:   [0x0000000017878000, 0x000000001b850000)

Polling page: 0x0000000002c50000

CodeCache: size=245760Kb used=6892Kb max_used=6903Kb free=238868Kb
 bounds [0x0000000002f80000, 0x0000000003650000, 0x0000000011f80000]
 total_blobs=2717 nmethods=1806 adapters=831
 compilation: enabled

Compilation events (10 events):
Event: 18.728 Thread 0x000000001e95e800 1803  s    4       java.lang.StringBuffer::toString (36 bytes)
Event: 18.731 Thread 0x000000001e95e800 nmethod 1803 0x0000000003639ed0 code [0x000000000363a020, 0x000000000363a578]
Event: 18.895 Thread 0x000000001e958800 1804       4       java.util.HashMap::putVal (300 bytes)
Event: 18.906 Thread 0x000000001e958800 nmethod 1804 0x0000000003641050 code [0x0000000003641200, 0x0000000003641db8]
Event: 19.341 Thread 0x000000001e95e000 1805       4       processing.opengl.PJOGL::bindFramebufferImpl (12 bytes)
Event: 19.346 Thread 0x000000001e95e000 nmethod 1805 0x0000000003642510 code [0x0000000003642680, 0x0000000003642c68]
Event: 19.441 Thread 0x000000001e95e800 1806   !   4       java.util.WeakHashMap::expungeStaleEntries (139 bytes)
Event: 19.442 Thread 0x000000001e95e800 nmethod 1806 0x000000000363cb50 code [0x000000000363cc80, 0x000000000363cd38]
Event: 20.238 Thread 0x000000001e958800 1807       4       java.util.HashMap$KeyIterator::next (8 bytes)
Event: 20.241 Thread 0x000000001e958800 nmethod 1807 0x0000000003639990 code [0x0000000003639ae0, 0x0000000003639d58]

GC Heap History (2 events):
Event: 5.660 GC heap before
{Heap before GC invocations=1 (full 0):
 PSYoungGen      total 76288K, used 65536K [0x000000076ae00000, 0x0000000770300000, 0x00000007c0000000)
  eden space 65536K, 100% used [0x000000076ae00000,0x000000076ee00000,0x000000076ee00000)
  from space 10752K, 0% used [0x000000076f880000,0x000000076f880000,0x0000000770300000)
  to   space 10752K, 0% used [0x000000076ee00000,0x000000076ee00000,0x000000076f880000)
 ParOldGen       total 175104K, used 0K [0x00000006c0a00000, 0x00000006cb500000, 0x000000076ae00000)
  object space 175104K, 0% used [0x00000006c0a00000,0x00000006c0a00000,0x00000006cb500000)
 Metaspace       used 18177K, capacity 18376K, committed 18688K, reserved 1067008K
  class space    used 1733K, capacity 1790K, committed 1792K, reserved 1048576K
Event: 5.668 GC heap after
Heap after GC invocations=1 (full 0):
 PSYoungGen      total 76288K, used 8429K [0x000000076ae00000, 0x0000000770300000, 0x00000007c0000000)
  eden space 65536K, 0% used [0x000000076ae00000,0x000000076ae00000,0x000000076ee00000)
  from space 10752K, 78% used [0x000000076ee00000,0x000000076f63b400,0x000000076f880000)
  to   space 10752K, 0% used [0x000000076f880000,0x000000076f880000,0x0000000770300000)
 ParOldGen       total 175104K, used 24K [0x00000006c0a00000, 0x00000006cb500000, 0x000000076ae00000)
  object space 175104K, 0% used [0x00000006c0a00000,0x00000006c0a06000,0x00000006cb500000)
 Metaspace       used 18177K, capacity 18376K, committed 18688K, reserved 1067008K
  class space    used 1733K, capacity 1790K, committed 1792K, reserved 1048576K
}

Deoptimization events (9 events):
Event: 0.129 Thread 0x0000000002e85800 Uncommon trap: reason=unstable_if action=reinterpret pc=0x00000000030991c4 method=java.lang.String.hashCode()I @ 14
Event: 0.573 Thread 0x0000000002e85800 Uncommon trap: reason=unstable_if action=reinterpret pc=0x0000000003166320 method=java.lang.String.indexOf([CII[CIII)I @ 3
Event: 0.860 Thread 0x0000000002e85800 Uncommon trap: reason=unstable_if action=reinterpret pc=0x00000000031ac640 method=java.lang.String.<init>([CII)V @ 18
Event: 1.238 Thread 0x0000000002e85800 Uncommon trap: reason=unstable_if action=reinterpret pc=0x000000000315ce9c method=java.lang.String.startsWith(Ljava/lang/String;I)Z @ 25
Event: 1.962 Thread 0x0000000002e85800 Uncommon trap: reason=unstable_if action=reinterpret pc=0x0000000003318974 method=java.lang.reflect.AccessibleObject.setAccessible0(Ljava/lang/reflect/AccessibleObject;Z)V @ 4
Event: 2.148 Thread 0x000000002044d000 Uncommon trap: reason=unstable_if action=reinterpret pc=0x00000000033044ec method=java.lang.AbstractStringBuilder.append(I)Ljava/lang/AbstractStringBuilder; @ 16
Event: 2.202 Thread 0x000000002044d000 Uncommon trap: reason=unstable_if action=reinterpret pc=0x0000000003344bac method=com.jogamp.common.util.IntIntHashMap.get(I)I @ 28
Event: 5.653 Thread 0x000000002044b000 Uncommon trap: reason=unstable_if action=reinterpret pc=0x0000000003329bc4 method=java.util.HashMap.putVal(ILjava/lang/Object;Ljava/lang/Object;ZZ)Ljava/lang/Object; @ 193
Event: 5.653 Thread 0x000000002044b000 Uncommon trap: reason=unstable_if action=reinterpret pc=0x0000000003331510 method=java.util.HashMap.putVal(ILjava/lang/Object;Ljava/lang/Object;ZZ)Ljava/lang/Object; @ 193

Classes redefined (0 events):
No events

Internal exceptions (10 events):
Event: 0.181 Thread 0x0000000002e85800 Exception <a 'java/security/PrivilegedActionException'> (0x000000076b2cd080) thrown at [C:\re\workspace\8-2-build-windows-amd64-cygwin\jdk8u171\10807\hotspot\src\share\vm\prims\jvm.cpp, line 1435]
Event: 0.186 Thread 0x0000000002e85800 Exception <a 'java/io/FileNotFoundException'> (0x000000076b2cf6a8) thrown at [C:\re\workspace\8-2-build-windows-amd64-cygwin\jdk8u171\10807\hotspot\src\share\vm\prims\jni.cpp, line 709]
Event: 0.219 Thread 0x0000000002e85800 Exception <a 'java/lang/NoSuchFieldError': method resolution failed> (0x000000076b39fc70) thrown at [C:\re\workspace\8-2-build-windows-amd64-cygwin\jdk8u171\10807\hotspot\src\share\vm\prims\methodHandles.cpp, line 1167]
Event: 0.222 Thread 0x0000000002e85800 Exception <a 'java/lang/NoSuchFieldError': method resolution failed> (0x000000076b3acfc0) thrown at [C:\re\workspace\8-2-build-windows-amd64-cygwin\jdk8u171\10807\hotspot\src\share\vm\prims\methodHandles.cpp, line 1167]
Event: 0.272 Thread 0x0000000002e85800 Exception <a 'java/io/FileNotFoundException'> (0x000000076b4512a0) thrown at [C:\re\workspace\8-2-build-windows-amd64-cygwin\jdk8u171\10807\hotspot\src\share\vm\prims\jni.cpp, line 709]
Event: 0.431 Thread 0x0000000002e85800 Exception <a 'java/lang/ClassNotFoundException': sun/net/www/protocol/d/Handler> (0x000000076b46c730) thrown at [C:\re\workspace\8-2-build-windows-amd64-cygwin\jdk8u171\10807\hotspot\src\share\vm\classfile\systemDictionary.cpp, line 210]
Event: 0.439 Thread 0x0000000002e85800 Exception <a 'java/security/PrivilegedActionException'> (0x000000076b4a0c18) thrown at [C:\re\workspace\8-2-build-windows-amd64-cygwin\jdk8u171\10807\hotspot\src\share\vm\prims\jvm.cpp, line 1435]
Event: 0.439 Thread 0x0000000002e85800 Exception <a 'java/security/PrivilegedActionException'> (0x000000076b4a0e28) thrown at [C:\re\workspace\8-2-build-windows-amd64-cygwin\jdk8u171\10807\hotspot\src\share\vm\prims\jvm.cpp, line 1435]
Event: 2.133 Thread 0x000000002044a000 Exception <a 'java/lang/ClassNotFoundException': sun/net/www/protocol/d/Handler> (0x000000076e7bc898) thrown at [C:\re\workspace\8-2-build-windows-amd64-cygwin\jdk8u171\10807\hotspot\src\share\vm\classfile\systemDictionary.cpp, line 210]
Event: 2.134 Thread 0x000000002044a000 Exception <a 'java/lang/ClassNotFoundException': sun/net/www/protocol/d/Handler> (0x000000076e7c5a10) thrown at [C:\re\workspace\8-2-build-windows-amd64-cygwin\jdk8u171\10807\hotspot\src\share\vm\classfile\systemDictionary.cpp, line 210]

Events (10 events):
Event: 20.667 Thread 0x000000002044d000 DEOPT PACKING pc=0x000000000346c5ac sp=0x000000003016ea00
Event: 20.667 Thread 0x000000002044d000 DEOPT UNPACKING pc=0x0000000002fc7890 sp=0x000000003016e738 mode 1
Event: 20.684 Thread 0x000000002044d000 DEOPT PACKING pc=0x000000000353ef91 sp=0x000000003016e970
Event: 20.684 Thread 0x000000002044d000 DEOPT UNPACKING pc=0x0000000002fc7890 sp=0x000000003016e6e8 mode 1
Event: 20.684 Thread 0x000000002044d000 DEOPT PACKING pc=0x000000000346c5ac sp=0x000000003016ea00
Event: 20.684 Thread 0x000000002044d000 DEOPT UNPACKING pc=0x0000000002fc7890 sp=0x000000003016e738 mode 1
Event: 20.700 Thread 0x000000002044d000 DEOPT PACKING pc=0x000000000353ef91 sp=0x000000003016e970
Event: 20.700 Thread 0x000000002044d000 DEOPT UNPACKING pc=0x0000000002fc7890 sp=0x000000003016e6e8 mode 1
Event: 20.700 Thread 0x000000002044d000 DEOPT PACKING pc=0x000000000346c5ac sp=0x000000003016ea00
Event: 20.700 Thread 0x000000002044d000 DEOPT UNPACKING pc=0x0000000002fc7890 sp=0x000000003016e738 mode 1


Dynamic libraries:
0x00007ff6662a0000 - 0x00007ff6662d7000 	C:\Program Files\Java\jre1.8.0_171\bin\javaw.exe
0x00007fff56e80000 - 0x00007fff57070000 	C:\WINDOWS\SYSTEM32\ntdll.dll
0x00007fff559a0000 - 0x00007fff55a52000 	C:\WINDOWS\System32\KERNEL32.DLL
0x00007fff53e70000 - 0x00007fff54113000 	C:\WINDOWS\System32\KERNELBASE.dll
0x00007fff55b40000 - 0x00007fff55be3000 	C:\WINDOWS\System32\ADVAPI32.dll
0x00007fff565d0000 - 0x00007fff5666e000 	C:\WINDOWS\System32\msvcrt.dll
0x00007fff55220000 - 0x00007fff552b7000 	C:\WINDOWS\System32\sechost.dll
0x00007fff55510000 - 0x00007fff55630000 	C:\WINDOWS\System32\RPCRT4.dll
0x00007fff55370000 - 0x00007fff55503000 	C:\WINDOWS\System32\USER32.dll
0x00007fff543a0000 - 0x00007fff543c1000 	C:\WINDOWS\System32\win32u.dll
0x00007fff56060000 - 0x00007fff56086000 	C:\WINDOWS\System32\GDI32.dll
0x00007fff54200000 - 0x00007fff54394000 	C:\WINDOWS\System32\gdi32full.dll
0x00007fff544d0000 - 0x00007fff5456e000 	C:\WINDOWS\System32\msvcp_win.dll
0x00007fff543d0000 - 0x00007fff544ca000 	C:\WINDOWS\System32\ucrtbase.dll
0x00007fff3e3b0000 - 0x00007fff3e635000 	C:\WINDOWS\WinSxS\amd64_microsoft.windows.common-controls_6595b64144ccf1df_6.0.18362.295_none_e6c3acbd13101292\COMCTL32.dll
0x00007fff56200000 - 0x00007fff56536000 	C:\WINDOWS\System32\combase.dll
0x00007fff546c0000 - 0x00007fff54740000 	C:\WINDOWS\System32\bcryptPrimitives.dll
0x00007fff557e0000 - 0x00007fff5580e000 	C:\WINDOWS\System32\IMM32.DLL
0x000000006c510000 - 0x000000006c5e2000 	C:\Program Files\Java\jre1.8.0_171\bin\msvcr100.dll
0x000000006cb00000 - 0x000000006d3a0000 	C:\Program Files\Java\jre1.8.0_171\bin\server\jvm.dll
0x00007fff55000000 - 0x00007fff55008000 	C:\WINDOWS\System32\PSAPI.DLL
0x00007fff4a9f0000 - 0x00007fff4aa14000 	C:\WINDOWS\SYSTEM32\WINMM.dll
0x00007fff47300000 - 0x00007fff47309000 	C:\WINDOWS\SYSTEM32\WSOCK32.dll
0x00007fff4e150000 - 0x00007fff4e15a000 	C:\WINDOWS\SYSTEM32\VERSION.dll
0x00007fff56d60000 - 0x00007fff56dcf000 	C:\WINDOWS\System32\WS2_32.dll
0x00007fff4a7b0000 - 0x00007fff4a7dd000 	C:\WINDOWS\SYSTEM32\WINMMBASE.dll
0x00007fff54ec0000 - 0x00007fff54f0a000 	C:\WINDOWS\System32\cfgmgr32.dll
0x000000006ca10000 - 0x000000006ca1f000 	C:\Program Files\Java\jre1.8.0_171\bin\verify.dll
0x000000006c9e0000 - 0x000000006ca09000 	C:\Program Files\Java\jre1.8.0_171\bin\java.dll
0x000000006c4d0000 - 0x000000006c505000 	C:\Program Files\Java\jre1.8.0_171\bin\jdwp.dll
0x000000006c4c0000 - 0x000000006c4c8000 	C:\Program Files\Java\jre1.8.0_171\bin\npt.dll
0x000000006c9c0000 - 0x000000006c9d6000 	C:\Program Files\Java\jre1.8.0_171\bin\zip.dll
0x00007fff56670000 - 0x00007fff56d52000 	C:\WINDOWS\System32\SHELL32.dll
0x00007fff552c0000 - 0x00007fff55369000 	C:\WINDOWS\System32\shcore.dll
0x00007fff54740000 - 0x00007fff54ebc000 	C:\WINDOWS\System32\windows.storage.dll
0x00007fff53da0000 - 0x00007fff53dbf000 	C:\WINDOWS\System32\profapi.dll
0x00007fff53dc0000 - 0x00007fff53e0a000 	C:\WINDOWS\System32\powrprof.dll
0x00007fff53d50000 - 0x00007fff53d60000 	C:\WINDOWS\System32\UMPDC.dll
0x00007fff561a0000 - 0x00007fff561f2000 	C:\WINDOWS\System32\shlwapi.dll
0x00007fff53d60000 - 0x00007fff53d71000 	C:\WINDOWS\System32\kernel.appcore.dll
0x00007fff54f10000 - 0x00007fff54f27000 	C:\WINDOWS\System32\cryptsp.dll
0x000000006c4b0000 - 0x000000006c4b9000 	C:\Program Files\Java\jre1.8.0_171\bin\dt_socket.dll
0x00007fff44c30000 - 0x00007fff44c46000 	C:\WINDOWS\system32\napinsp.dll
0x00007fff44c10000 - 0x00007fff44c2a000 	C:\WINDOWS\system32\pnrpnsp.dll
0x00007fff535c0000 - 0x00007fff53627000 	C:\WINDOWS\System32\mswsock.dll
0x00007fff53310000 - 0x00007fff533da000 	C:\WINDOWS\SYSTEM32\DNSAPI.dll
0x00007fff56540000 - 0x00007fff56548000 	C:\WINDOWS\System32\NSI.dll
0x00007fff532d0000 - 0x00007fff5330a000 	C:\WINDOWS\SYSTEM32\IPHLPAPI.DLL
0x00007fff44c00000 - 0x00007fff44c0e000 	C:\WINDOWS\System32\winrnr.dll
0x00007fff4d710000 - 0x00007fff4d72c000 	C:\WINDOWS\system32\NLAapi.dll
0x00007fff4fc20000 - 0x00007fff4fc35000 	C:\WINDOWS\system32\wshbth.dll
0x00007fff4bf20000 - 0x00007fff4bf97000 	C:\WINDOWS\System32\fwpuclnt.dll
0x00007fff541d0000 - 0x00007fff541f6000 	C:\WINDOWS\System32\bcrypt.dll
0x00007fff49fe0000 - 0x00007fff49fea000 	C:\Windows\System32\rasadhlp.dll
0x000000006c7e0000 - 0x000000006c978000 	C:\Program Files\Java\jre1.8.0_171\bin\awt.dll
0x00007fff54f30000 - 0x00007fff54ff4000 	C:\WINDOWS\System32\OLEAUT32.dll
0x00007fff51690000 - 0x00007fff5171f000 	C:\WINDOWS\SYSTEM32\apphelp.dll
0x00007fff51b20000 - 0x00007fff51bb9000 	C:\WINDOWS\system32\uxtheme.dll
0x00007fff55010000 - 0x00007fff55146000 	C:\WINDOWS\System32\MSCTF.dll
0x00007fff55810000 - 0x00007fff55966000 	C:\WINDOWS\System32\ole32.dll
0x00007fff52100000 - 0x00007fff5212d000 	C:\WINDOWS\system32\DWMAPI.DLL
0x00007fff19d50000 - 0x00007fff19e9f000 	C:\WINDOWS\system32\opengl32.dll
0x00007fff4e220000 - 0x00007fff4e24c000 	C:\WINDOWS\SYSTEM32\GLU32.dll
0x00007fff529a0000 - 0x00007fff529c0000 	C:\WINDOWS\SYSTEM32\dxcore.dll
0x00007fff31670000 - 0x00007fff31836000 	C:\WINDOWS\system32\d3d9.dll
0x00007fff3c310000 - 0x00007fff3c3fe000 	C:\WINDOWS\System32\DriverStore\FileRepository\nvami.inf_amd64_1fad1712b0376c4a\nvldumdx.dll
0x00007fff54570000 - 0x00007fff546b9000 	C:\WINDOWS\System32\crypt32.dll
0x00007fff53d80000 - 0x00007fff53d92000 	C:\WINDOWS\System32\MSASN1.dll
0x00007fff53e10000 - 0x00007fff53e6c000 	C:\WINDOWS\System32\WINTRUST.DLL
0x00007fff55970000 - 0x00007fff5598d000 	C:\WINDOWS\System32\imagehlp.dll
0x00007fff53130000 - 0x00007fff53163000 	C:\WINDOWS\system32\rsaenh.dll
0x00007fff53790000 - 0x00007fff5379c000 	C:\WINDOWS\SYSTEM32\CRYPTBASE.dll
0x00007fff10050000 - 0x00007fff1148c000 	C:\WINDOWS\System32\DriverStore\FileRepository\nvami.inf_amd64_1fad1712b0376c4a\nvd3dumx.dll
0x00007fff36630000 - 0x00007fff366f4000 	C:\Program Files (x86)\NVIDIA Corporation\3D Vision\nvSCPAPI64.dll
0x00007fff55bf0000 - 0x00007fff56060000 	C:\WINDOWS\System32\SETUPAPI.dll
0x00007fff52950000 - 0x00007fff52972000 	C:\WINDOWS\SYSTEM32\gpapi.dll
0x00007fff4c360000 - 0x00007fff4c38f000 	C:\WINDOWS\SYSTEM32\cryptnet.dll
0x00007fff53c40000 - 0x00007fff53c65000 	C:\WINDOWS\SYSTEM32\USERENV.dll
0x000000006c9a0000 - 0x000000006c9ba000 	C:\Program Files\Java\jre1.8.0_171\bin\net.dll
0x00007fff4c340000 - 0x00007fff4c356000 	C:\WINDOWS\SYSTEM32\dhcpcsvc6.DLL
0x00007fff4eac0000 - 0x00007fff4eadc000 	C:\WINDOWS\SYSTEM32\dhcpcsvc.DLL
0x000000006c980000 - 0x000000006c991000 	C:\Program Files\Java\jre1.8.0_171\bin\nio.dll
0x00000000637c0000 - 0x00000000637cd000 	C:\Users\Fikes\AppData\Local\Temp\jogamp_0000\file_cache\jln5475927326940443151\jln1102801525887992485\natives\windows-amd64\gluegen-rt.dll
0x000000006c4a0000 - 0x000000006c4a7000 	C:\Program Files\Java\jre1.8.0_171\bin\jawt.dll
0x000000006a440000 - 0x000000006a44d000 	C:\Users\Fikes\AppData\Local\Temp\jogamp_0000\file_cache\jln5475927326940443151\jln1102801525887992485\natives\windows-amd64\nativewindow_awt.dll
0x000000006c100000 - 0x000000006c10f000 	C:\Users\Fikes\AppData\Local\Temp\jogamp_0000\file_cache\jln5475927326940443151\jln1102801525887992485\natives\windows-amd64\nativewindow_win32.dll
0x0000000020ae0000 - 0x0000000020af3000 	C:\Users\Fikes\AppData\Local\Temp\jogamp_0000\file_cache\jln5475927326940443151\jln1102801525887992485\natives\windows-amd64\newt.dll
0x00007fff4f220000 - 0x00007fff4f2ce000 	C:\WINDOWS\SYSTEM32\mscms.dll
0x00007fff4f1a0000 - 0x00007fff4f1b7000 	C:\WINDOWS\SYSTEM32\ColorAdapterClient.dll
0x00007ffee2f50000 - 0x00007ffee2f93000 	C:\WINDOWS\SYSTEM32\icm32.dll
0x00007fff53b50000 - 0x00007fff53b7a000 	C:\WINDOWS\SYSTEM32\DEVOBJ.dll
0x0000000064500000 - 0x00000000645b1000 	C:\Users\Fikes\AppData\Local\Temp\jogamp_0000\file_cache\jln5475927326940443151\jln1102801525887992485\natives\windows-amd64\jogl_desktop.dll
0x0000000064340000 - 0x00000000643a2000 	C:\Users\Fikes\AppData\Local\Temp\jogamp_0000\file_cache\jln5475927326940443151\jln1102801525887992485\natives\windows-amd64\jogl_mobile.dll
0x000000002d7a0000 - 0x000000002fe62000 	C:\WINDOWS\System32\DriverStore\FileRepository\nvami.inf_amd64_1fad1712b0376c4a\nvoglv64.dll
0x00007fff52840000 - 0x00007fff52853000 	C:\WINDOWS\SYSTEM32\WTSAPI32.dll
0x00007fff52d90000 - 0x00007fff52dc1000 	C:\WINDOWS\SYSTEM32\ntmarta.dll
0x00007fff52e00000 - 0x00007fff52e5c000 	C:\WINDOWS\SYSTEM32\WINSTA.dll
0x00007fff43110000 - 0x00007fff431ae000 	C:\WINDOWS\System32\TextInputFramework.dll
0x00007fff513b0000 - 0x00007fff51484000 	C:\WINDOWS\System32\CoreMessaging.dll
0x00007fff46a20000 - 0x00007fff46d4a000 	C:\WINDOWS\System32\CoreUIComponents.dll
0x00007fff4f560000 - 0x00007fff4f6b3000 	C:\WINDOWS\SYSTEM32\wintypes.dll
0x00007fff3fc00000 - 0x00007fff3fea6000 	C:\WINDOWS\System32\iertutil.dll
0x000000006c790000 - 0x000000006c7d7000 	C:\Program Files\Java\jre1.8.0_171\bin\fontmanager.dll
0x000000006c740000 - 0x000000006c782000 	C:\Program Files\Java\jre1.8.0_171\bin\t2k.dll
0x00007fff34750000 - 0x00007fff34799000 	D:\Resources\Libraries\haxademic\lib\spout\library\JNISpout_64.dll
0x00007fff506d0000 - 0x00007fff5092b000 	C:\WINDOWS\SYSTEM32\d3d11.dll
0x00007fff52a30000 - 0x00007fff52b1a000 	C:\WINDOWS\SYSTEM32\dxgi.dll
0x00007fff1b430000 - 0x00007fff1d872000 	C:\WINDOWS\System32\DriverStore\FileRepository\nvami.inf_amd64_1fad1712b0376c4a\nvwgf2umx.dll
0x00007fff36130000 - 0x00007fff36630000 	C:\WINDOWS\system32\nvapi64.dll
0x00007fff52640000 - 0x00007fff52834000 	C:\WINDOWS\SYSTEM32\dbghelp.dll

VM Arguments:
jvm_args: -agentlib:jdwp=transport=dt_socket,suspend=y,address=localhost:51545 -Djava.library.path=D:\Resources\Libraries\haxademic\lib\jinput\native;D:\Resources\Libraries\haxademic\lib\KinectPV2\library;D:\Resources\Libraries\haxademic\lib\LeapMotionForProcessing\library\macosx;D:\Resources\Libraries\haxademic\lib\processing-3\libraries\serial\library\windows64;D:\Resources\Libraries\haxademic\lib\processing-3\libraries\sound\library\macosx;D:\Resources\Libraries\haxademic\lib\RealSenseProcessing\library\native\windows-x64;D:\Resources\Libraries\haxademic\lib\spout\library -Dfile.encoding=Cp1252 
java_command: com.haxademic.sketch.robbie.Unity.UnityProcessingDemo
java_class_path (initial): C:\Program Files\Java\jre1.8.0_171\lib\resources.jar;C:\Program Files\Java\jre1.8.0_171\lib\rt.jar;C:\Program Files\Java\jre1.8.0_171\lib\jsse.jar;C:\Program Files\Java\jre1.8.0_171\lib\jce.jar;C:\Program Files\Java\jre1.8.0_171\lib\charsets.jar;C:\Program Files\Java\jre1.8.0_171\lib\jfr.jar;C:\Program Files\Java\jre1.8.0_171\lib\ext\access-bridge-64.jar;C:\Program Files\Java\jre1.8.0_171\lib\ext\cldrdata.jar;C:\Program Files\Java\jre1.8.0_171\lib\ext\dnsns.jar;C:\Program Files\Java\jre1.8.0_171\lib\ext\dns_sd.jar;C:\Program Files\Java\jre1.8.0_171\lib\ext\jaccess.jar;C:\Program Files\Java\jre1.8.0_171\lib\ext\jfxrt.jar;C:\Program Files\Java\jre1.8.0_171\lib\ext\localedata.jar;C:\Program Files\Java\jre1.8.0_171\lib\ext\nashorn.jar;C:\Program Files\Java\jre1.8.0_171\lib\ext\sunec.jar;C:\Program Files\Java\jre1.8.0_171\lib\ext\sunjce_provider.jar;C:\Program Files\Java\jre1.8.0_171\lib\ext\sunmscapi.jar;C:\Program Files\Java\jre1.8.0_171\lib\ext\sunpkcs11.jar;C:\Program Files\Java\jre1.8.0_171\lib\ext\zipfs.jar;D:\Resources\Libraries\haxademic\bin;D:\Resources\Libraries\haxademic\lib\beads\library\beads.jar;D:\Resources\Libraries\haxademic\lib\beads\library\jarjar-1.0.jar;D:\Resources\Libraries\haxademic\lib\beads\library\jl1.0.1.jar;D:\Resources\Libraries\haxademic\lib\beads\library\org-jaudiolibs-audioservers-jack.jar;D:\Resources\Libraries\haxademic\lib\beads\library\org-jaudiolibs-audioservers-javasound.jar;D:\Resources\Libraries\haxademic\lib\beads\library\org-jaudiolibs-audioservers.jar;D:\Resources\Libraries\haxademic\lib\beads\library\org-jaudiolibs-jnajack.jar;D:\Resources\Libraries\haxademic\lib\beads\library\tools.jar;D:\Resources\Libraries\haxademic\lib\beads\library\mp3spi1.9.4.jar;D:\Resources\Libraries\haxademic\lib\beads\library\tritonus_aos-0.3.6.jar;D:\Resources\Libraries\haxademic\lib\beads\library\tritonus_share.jar;D:\Resources\Libraries\haxademic\lib\blobDetection\library\blobDetection.jar;D:\Resources\Libraries\haxade
Launcher Type: SUN_STANDARD

Environment Variables:
PATH=C:/Program Files/Java/jre1.8.0_171/bin/server;C:/Program Files/Java/jre1.8.0_171/bin;C:/Program Files/Java/jre1.8.0_171/lib/amd64;C:\Program Files (x86)\Common Files\Intel\Shared Libraries\redist\intel64_win\compiler;C:\Program Files (x86)\Common Files\Intel\Shared Libraries\redist\intel64\compiler;C:\Program Files (x86)\Common Files\Oracle\Java\javapath;C:\Program Files (x86)\Intel\iCLS Client\;C:\Program Files\Intel\iCLS Client\;C:\Windows\system32;C:\Windows;C:\Windows\System32\Wbem;C:\Windows\System32\WindowsPowerShell\v1.0\;C:\Program Files (x86)\Intel\Intel(R) Management Engine Components\DAL;C:\Program Files\Intel\Intel(R) Management Engine Components\DAL;C:\Program Files (x86)\Intel\Intel(R) Management Engine Components\IPT;C:\Program Files\Intel\Intel(R) Management Engine Components\IPT;C:\Program Files (x86)\NVIDIA Corporation\PhysX\Common;C:\Program Files\Intel\WiFi\bin\;C:\Program Files\Common Files\Intel\WirelessCommon\;C:\Program Files\Git\cmd;C:\Program Files\nodejs\;C:\WINDOWS\system32;C:\WINDOWS;C:\WINDOWS\System32\Wbem;C:\WINDOWS\System32\WindowsPowerShell\v1.0\;C:\WINDOWS\System32\OpenSSH\;C:\WINDOWS\system32;C:\WINDOWS;C:\WINDOWS\System32\Wbem;C:\WINDOWS\System32\WindowsPowerShell\v1.0\;C:\WINDOWS\System32\OpenSSH\;C:\Program Files\dotnet\;C:\Program Files (x86)\GtkSharp\2.12\bin;C:\Users\Fikes\AppData\Local\Microsoft\WindowsApps;C:\Users\Fikes\AppData\Roaming\npm;C:\Users\Fikes\AppData\Local\GitHubDesktop\bin;C:\Users\Fikes\AppData\Local\atom\bin;%USERPROFILE%\AppData\Local\Microsoft\WindowsApps;;C:\WINDOWS\system32;
USERNAME=Fikes
OS=Windows_NT
PROCESSOR_IDENTIFIER=Intel64 Family 6 Model 158 Stepping 9, GenuineIntel



---------------  S Y S T E M  ---------------

OS: Windows 10.0 , 64 bit Build 18362 (10.0.18362.86)

CPU:total 8 (initial active 8) (4 cores per cpu, 2 threads per core) family 6 model 158 stepping 9, cmov, cx8, fxsr, mmx, sse, sse2, sse3, ssse3, sse4.1, sse4.2, popcnt, avx, avx2, aes, clmul, erms, 3dnowpref, lzcnt, ht, tsc, tscinvbit, bmi1, bmi2, adx

Memory: 4k page, physical 16734580k(7615796k free), swap 48191860k(28755164k free)

vm_info: Java HotSpot(TM) 64-Bit Server VM (25.171-b11) for windows-amd64 JRE (1.8.0_171-b11), built on Mar 28 2018 16:06:12 by "java_re" with MS VC++ 10.0 (VS2010)

time: Fri Aug 16 22:48:24 2019
elapsed time: 20 seconds (0d 0h 0m 20s)

